#
# A fatal error has been detected by the Java Runtime Environment:
#
#  EXCEPTION_ACCESS_VIOLATION (0xc0000005) at pc=0x00007ff8fc5020b4, pid=28232, tid=19284
#
# JRE version: Java(TM) SE Runtime Environment (15.0.1+9) (build 15.0.1+9-18)
# Java VM: Java HotSpot(TM) 64-Bit Server VM (15.0.1+9-18, mixed mode, sharing, tiered, compressed oops, g1 gc, windows-amd64)
# Problematic frame:
# V  [jvm.dll+0x2c20b4]
#
# No core dump will be written. Minidumps are not enabled by default on client versions of Windows
#
# If you would like to submit a bug report, please visit:
#   https://bugreport.java.com/bugreport/crash.jsp
#

---------------  S U M M A R Y ------------

Command Line: -agentlib:jdwp=transport=dt_socket,address=127.0.0.1:6905,suspend=y,server=n -XX:TieredStopAtLevel=1 -Xverify:none -Dspring.output.ansi.enabled=always -javaagent:C:\Users\xinyu\AppData\Local\JetBrains\IntelliJIdea2020.3\captureAgent\debugger-agent.jar -Dcom.sun.management.jmxremote -Dspring.jmx.enabled=true -Dspring.liveBeansView.mbeanDomain -Dspring.application.admin.enabled=true -Dfile.encoding=UTF-8 com.suda.tree.TreeApplication --spring.profiles.active=dev

Host: AMD Ryzen 5 3600X 6-Core Processor             , 12 cores, 31G,  Windows 10 , 64 bit Build 19041 (10.0.19041.804)
Time: Mon Apr  5 01:09:30 2021 中国标准时间 elapsed time: 112.763552 seconds (0d 0h 1m 52s)

---------------  T H R E A D  ---------------

Current thread (0x00000194360fb010):  GCTaskThread "GC Thread#0" [stack: 0x0000002ae5800000,0x0000002ae5900000] [id=19284]

Stack: [0x0000002ae5800000,0x0000002ae5900000],  sp=0x0000002ae58ff6d0,  free space=1021k
Native frames: (J=compiled Java code, j=interpreted, Vv=VM code, C=native code)
V  [jvm.dll+0x2c20b4]
V  [jvm.dll+0x2c1add]
V  [jvm.dll+0x2c13ba]
V  [jvm.dll+0x7adba0]
V  [jvm.dll+0x73d65a]
V  [jvm.dll+0x629c56]
C  [ucrtbase.dll+0x21bb2]
C  [KERNEL32.DLL+0x17034]
C  [ntdll.dll+0x52651]


siginfo: EXCEPTION_ACCESS_VIOLATION (0xc0000005), reading address 0x000000097b83a3a8


Register to memory mapping:

RIP=0x00007ff8fc5020b4 jvm.dll
RAX=0x000000097b83a3a0 is an unknown value
RBX=0x00007ff8fc240000 jvm.dll
RCX=0x0000000000000003 is an unknown value
RDX=0x000000002f707474 is an unknown value
RSP=0x0000002ae58ff6d0 points into unknown readable memory: 0x0000019466939650 | 50 96 93 66 94 01 00 00
RBP=0x0000019466939650 points into unknown readable memory: 0x0000019400000001 | 01 00 00 00 94 01 00 00
RSI=0x00000006017be858 is pointing into object: [B 
{0x00000006017bd958} - klass: {type array byte}
 - length: 76640
RDI=0x000020ca00000000 is an unknown value
R8 =0x0000000000000001 is an unknown value
R9 =0x0000000800000000 is pointing into metadata
R10=0x0000000000000010 is an unknown value
R11=0x0000000000000001 is an unknown value
R12=0x0 is NULL
R13=0x0000002ae5dfee10 points into unknown readable memory: 0x00007ff8fcac77d0 | d0 77 ac fc f8 7f 00 00
R14=0x000000000000000c is an unknown value
R15=0x0000000000000010 is an unknown value


Registers:
RAX=0x000000097b83a3a0, RBX=0x00007ff8fc240000, RCX=0x0000000000000003, RDX=0x000000002f707474
RSP=0x0000002ae58ff6d0, RBP=0x0000019466939650, RSI=0x00000006017be858, RDI=0x000020ca00000000
R8 =0x0000000000000001, R9 =0x0000000800000000, R10=0x0000000000000010, R11=0x0000000000000001
R12=0x0000000000000000, R13=0x0000002ae5dfee10, R14=0x000000000000000c, R15=0x0000000000000010
RIP=0x00007ff8fc5020b4, EFLAGS=0x0000000000010206

Top of Stack: (sp=0x0000002ae58ff6d0)
0x0000002ae58ff6d0:   0000019466939650 00007ff8fc240000
0x0000002ae58ff6e0:   000000060370ebd0 000020ca00000000
0x0000002ae58ff6f0:   0000002ae5dfe7f8 0000000000000000
0x0000002ae58ff700:   0000000605427d28 0000000600000800
0x0000002ae58ff710:   0000000000000001 0000002ae5dfef30
0x0000002ae58ff720:   0000002a00000001 0000000000000000
0x0000002ae58ff730:   00007ff8fcac7df0 00000194382bde30
0x0000002ae58ff740:   000000000000000c 0000002ae5dfee10
0x0000002ae58ff750:   0000002ae5dfe810 0000019466939650
0x0000002ae58ff760:   00007ff8fc240000 0000000000000010
0x0000002ae58ff770:   0000002ae5dfee28 00007ff8fc501add
0x0000002ae58ff780:   00000194382bde30 000020ca00000000
0x0000002ae58ff790:   00000194382bde20 000020c900000000
0x0000002ae58ff7a0:   0000002ae5dfe7f0 0000019466939650
0x0000002ae58ff7b0:   00000194382bde30 0000000000000001
0x0000002ae58ff7c0:   00000000000003d8 00000194382be208 

Instructions: (pc=0x00007ff8fc5020b4)
0x00007ff8fc501fb4:   00 00 00 44 3b fb 0f 85 6f 02 00 00 48 8b 05 d1
0x00007ff8fc501fc4:   33 75 00 4c 8b c3 49 8b d6 48 8b cf ff d0 48 3b
0x00007ff8fc501fd4:   c3 0f 85 54 02 00 00 41 8b 06 48 8d 1d 1b e0 d3
0x00007ff8fc501fe4:   ff 41 be 0c 00 00 00 45 8d 7e 04 44 0f b6 05 ea
0x00007ff8fc501ff4:   0f 7c 00 8b 0d 23 9a 73 00 4c 8b 0d 14 9a 73 00
0x00007ff8fc502004:   45 84 c0 0f 84 a1 00 00 00 8b 56 08 8b c2 48 d3
0x00007ff8fc502014:   e0 49 03 c1 e9 97 00 00 00 48 8d 9d 90 02 00 00
0x00007ff8fc502024:   48 8b 43 20 48 8b 4b 38 48 83 f8 01 75 65 4c 8b
0x00007ff8fc502034:   43 08 48 8b 43 18 49 c1 e0 03 4c 89 63 20 48 8b
0x00007ff8fc502044:   31 4a 8b 3c 01 48 39 43 30 73 12 48 8b 43 40 49
0x00007ff8fc502054:   89 04 08 48 ff 43 30 48 89 4b 40 eb 10 48 8b 03
0x00007ff8fc502064:   48 8b d1 49 83 c0 08 48 8b cb ff 50 08 48 8b 4b
0x00007ff8fc502074:   08 48 85 ff 49 8b c4 48 89 7b 38 48 0f 45 c1 48
0x00007ff8fc502084:   89 4b 20 48 29 43 28 48 8d 1d 6e df d3 ff e9 58
0x00007ff8fc502094:   ff ff ff 48 ff c8 48 89 43 20 48 8d 1d 5b df d3
0x00007ff8fc5020a4:   ff 48 8b 34 c1 e9 41 ff ff ff 48 8b 46 08 8b d0
0x00007ff8fc5020b4:   81 78 08 00 00 00 c0 7d 79 45 84 c0 74 0a 8b c2
0x00007ff8fc5020c4:   48 d3 e0 49 03 c1 eb 04 48 8b 46 08 48 8b 88 98
0x00007ff8fc5020d4:   00 00 00 e8 04 69 f0 ff 48 89 44 24 28 48 8b d8
0x00007ff8fc5020e4:   48 85 c0 74 1b 48 8b d0 48 8b cd e8 ac ba ff ff
0x00007ff8fc5020f4:   84 c0 74 0c 48 8b d3 48 8d 4d 10 e8 ec bf ff ff
0x00007ff8fc502104:   44 38 25 d6 0e 7c 00 48 8d 1d ee de d3 ff 49 8b
0x00007ff8fc502114:   c7 49 0f 45 c6 44 39 24 30 0f 8e fd fd ff ff 45
0x00007ff8fc502124:   33 c0 48 8b d6 48 8b cd e8 7f 04 00 00 e9 e0 fd
0x00007ff8fc502134:   ff ff 45 84 c0 74 0b 44 8b c2 49 d3 e0 4d 03 c1
0x00007ff8fc502144:   eb 04 4c 8b 46 08 49 63 40 0c 48 8d 8d a8 05 00
0x00007ff8fc502154:   00 48 8b d6 ff 94 c3 20 c5 9f 00 44 38 25 ef 10
0x00007ff8fc502164:   7c 00 0f 84 b4 fd ff ff 44 0f b6 05 6d 0e 7c 00
0x00007ff8fc502174:   8b 0d a6 98 73 00 4c 8b 0d 97 98 73 00 45 84 c0
0x00007ff8fc502184:   74 0d 8b 56 08 8b c2 48 d3 e0 49 03 c1 eb 06 48
0x00007ff8fc502194:   8b 46 08 8b d0 44 39 60 08 7e 20 45 84 c0 74 0a
0x00007ff8fc5021a4:   8b c2 48 d3 e0 49 03 c1 eb 04 48 8b 46 08 80 b8 


Stack slot to memory mapping:
stack at sp + 0 slots: 0x0000019466939650 points into unknown readable memory: 0x0000019400000001 | 01 00 00 00 94 01 00 00
stack at sp + 1 slots: 0x00007ff8fc240000 jvm.dll
stack at sp + 2 slots: 0x000000060370ebd0 is an oop: java.lang.reflect.Method 
{0x000000060370ebd0} - klass: 'java/lang/reflect/Method'
stack at sp + 3 slots: 0x000020ca00000000 is an unknown value
stack at sp + 4 slots: 0x0000002ae5dfe7f8 points into unknown readable memory: 0x000001946729e150 | 50 e1 29 67 94 01 00 00
stack at sp + 5 slots: 0x0 is NULL
stack at sp + 6 slots: 0x0000000605427d28 is an oop: [Ljava.util.concurrent.ConcurrentHashMap$Node; 
{0x0000000605427d28} - klass: 'java/util/concurrent/ConcurrentHashMap$Node'[]
 - length: 16384
stack at sp + 7 slots: 0x0000000600000800 is an unknown value


---------------  P R O C E S S  ---------------

Threads class SMR info:
_java_thread_list=0x000001946b7ace70, length=23, elements={
0x0000019464da09a0, 0x0000019464da3490, 0x0000019464dc19b0, 0x0000019464dc2370,
0x0000019464dc5d50, 0x0000019464dc8ee0, 0x0000019464dca7f0, 0x0000019465ee0780,
0x00000194660e14a0, 0x0000019466104fb0, 0x00000194661054a0, 0x0000019466755e80,
0x000001946688f9a0, 0x00000194672d6900, 0x00000194672d8ab0, 0x00000194672d6dd0,
0x00000194672d72a0, 0x0000019468f00c00, 0x0000019468f03280, 0x0000019468f00730,
0x000001946c0439e0, 0x000001946c041830, 0x000001946c040e90
}

Java Threads: ( => current thread )
  0x0000019464da09a0 JavaThread "Reference Handler" daemon [_thread_blocked, id=10060, stack(0x0000002ae5e00000,0x0000002ae5f00000)]
  0x0000019464da3490 JavaThread "Finalizer" daemon [_thread_blocked, id=17648, stack(0x0000002ae5f00000,0x0000002ae6000000)]
  0x0000019464dc19b0 JavaThread "Signal Dispatcher" daemon [_thread_blocked, id=14752, stack(0x0000002ae6000000,0x0000002ae6100000)]
  0x0000019464dc2370 JavaThread "Attach Listener" daemon [_thread_blocked, id=25324, stack(0x0000002ae6100000,0x0000002ae6200000)]
  0x0000019464dc5d50 JavaThread "Service Thread" daemon [_thread_blocked, id=24868, stack(0x0000002ae6200000,0x0000002ae6300000)]
  0x0000019464dc8ee0 JavaThread "C1 CompilerThread0" daemon [_thread_blocked, id=13152, stack(0x0000002ae6300000,0x0000002ae6400000)]
  0x0000019464dca7f0 JavaThread "Sweeper thread" daemon [_thread_blocked, id=20168, stack(0x0000002ae6400000,0x0000002ae6500000)]
  0x0000019465ee0780 JavaThread "Common-Cleaner" daemon [_thread_blocked, id=14088, stack(0x0000002ae6500000,0x0000002ae6600000)]
  0x00000194660e14a0 JavaThread "JDWP Transport Listener: dt_socket" daemon [_thread_blocked, id=20924, stack(0x0000002ae6600000,0x0000002ae6700000)]
  0x0000019466104fb0 JavaThread "JDWP Event Helper Thread" daemon [_thread_blocked, id=17860, stack(0x0000002ae6700000,0x0000002ae6800000)]
  0x00000194661054a0 JavaThread "JDWP Command Reader" daemon [_thread_in_native, id=16636, stack(0x0000002ae6800000,0x0000002ae6900000)]
  0x0000019466755e80 JavaThread "Notification Thread" daemon [_thread_blocked, id=12452, stack(0x0000002ae6900000,0x0000002ae6a00000)]
  0x000001946688f9a0 JavaThread "RMI TCP Accept-0" daemon [_thread_in_native, id=11576, stack(0x0000002ae6a00000,0x0000002ae6b00000)]
  0x00000194672d6900 JavaThread "logback-appender-LOG_ERROR-175.24.147.229:24222-2" daemon [_thread_blocked, id=25356, stack(0x0000002ae7900000,0x0000002ae7a00000)]
  0x00000194672d8ab0 JavaThread "logback-appender-LOG_INfO-175.24.147.229:24221-2" daemon [_thread_blocked, id=10952, stack(0x0000002ae7b00000,0x0000002ae7c00000)]
  0x00000194672d6dd0 JavaThread "logback-appender-LOG_ERROR-175.24.147.229:24222-4" daemon [_thread_in_native, id=2376, stack(0x0000002ae7d00000,0x0000002ae7e00000)]
  0x00000194672d72a0 JavaThread "logback-appender-LOG_INfO-175.24.147.229:24221-4" daemon [_thread_in_native, id=12504, stack(0x0000002ae7e00000,0x0000002ae7f00000)]
  0x0000019468f00c00 JavaThread "RMI Scheduler(0)" daemon [_thread_blocked, id=2856, stack(0x0000002ae7f00000,0x0000002ae8000000)]
  0x0000019468f03280 JavaThread "mysql-cj-abandoned-connection-cleanup" daemon [_thread_blocked, id=26412, stack(0x0000002ae8200000,0x0000002ae8300000)]
  0x0000019468f00730 JavaThread "Live Reload Server" daemon [_thread_in_native, id=8828, stack(0x0000002ae8a00000,0x0000002ae8b00000)]
  0x000001946c0439e0 JavaThread "DestroyJavaVM" [_thread_blocked, id=16124, stack(0x0000002ae5700000,0x0000002ae5800000)]
  0x000001946c041830 JavaThread "Thread-8" [_thread_blocked, id=23544, stack(0x0000002ae5400000,0x0000002ae5500000)]
  0x000001946c040e90 JavaThread "globalEventExecutor-2-2" [_thread_blocked, id=17736, stack(0x0000002ae8600000,0x0000002ae8700000)]

Other Threads:
  0x0000019464d961d0 VMThread "VM Thread" [stack: 0x0000002ae5d00000,0x0000002ae5e00000] [id=14056]
  0x00000194382b1d60 WatcherThread [stack: 0x0000002ae6b00000,0x0000002ae6c00000] [id=25472]
=>0x00000194360fb010 GCTaskThread "GC Thread#0" [stack: 0x0000002ae5800000,0x0000002ae5900000] [id=19284]
  0x0000019466771a20 GCTaskThread "GC Thread#1" [stack: 0x0000002ae6c00000,0x0000002ae6d00000] [id=24296]
  0x00000194667716f0 GCTaskThread "GC Thread#2" [stack: 0x0000002ae6d00000,0x0000002ae6e00000] [id=28364]
  0x0000019466771d50 GCTaskThread "GC Thread#3" [stack: 0x0000002ae6e00000,0x0000002ae6f00000] [id=29232]
  0x00000194667736d0 GCTaskThread "GC Thread#4" [stack: 0x0000002ae6f00000,0x0000002ae7000000] [id=21120]
  0x0000019466770a30 GCTaskThread "GC Thread#5" [stack: 0x0000002ae7000000,0x0000002ae7100000] [id=15708]
  0x0000019466773070 GCTaskThread "GC Thread#6" [stack: 0x0000002ae7100000,0x0000002ae7200000] [id=14804]
  0x0000019466772d40 GCTaskThread "GC Thread#7" [stack: 0x0000002ae7200000,0x0000002ae7300000] [id=21348]
  0x0000019466772080 GCTaskThread "GC Thread#8" [stack: 0x0000002ae7300000,0x0000002ae7400000] [id=24924]
  0x00000194667723b0 GCTaskThread "GC Thread#9" [stack: 0x0000002ae7400000,0x0000002ae7500000] [id=9256]
  0x00000194360fc040 ConcurrentGCThread "G1 Main Marker" [stack: 0x0000002ae5900000,0x0000002ae5a00000] [id=26868]
  0x00000194360fd360 ConcurrentGCThread "G1 Conc#0" [stack: 0x0000002ae5a00000,0x0000002ae5b00000] [id=18280]
  0x00000194690b0060 ConcurrentGCThread "G1 Conc#1" [stack: 0x0000002ae8000000,0x0000002ae8100000] [id=24904]
  0x00000194690b1380 ConcurrentGCThread "G1 Conc#2" [stack: 0x0000002ae8100000,0x0000002ae8200000] [id=13104]
  0x0000019464c95e40 ConcurrentGCThread "G1 Refine#0" [stack: 0x0000002ae5b00000,0x0000002ae5c00000] [id=23232]
  0x00000194669d0b20 ConcurrentGCThread "G1 Refine#1" [stack: 0x0000002ae7500000,0x0000002ae7600000] [id=6840]
  0x00000194669d1f60 ConcurrentGCThread "G1 Refine#2" [stack: 0x0000002ae7600000,0x0000002ae7700000] [id=25208]
  0x0000019464c96950 ConcurrentGCThread "G1 Young RemSet Sampling" [stack: 0x0000002ae5c00000,0x0000002ae5d00000] [id=17292]

Threads with active compile tasks:
C1 CompilerThread0   112792 8810       1       org.springframework.util.ConcurrentReferenceHashMap$EntryIterator::moveToNextSegment (55 bytes)

VM state: at safepoint (normal execution)

VM Mutex/Monitor currently owned by a thread:  ([mutex/lock_event])
[0x00000194382acd10] Threads_lock - owner thread: 0x0000019464d961d0
[0x00000194382ad580] Heap_lock - owner thread: 0x000001946c041830

Heap address: 0x0000000601000000, size: 8176 MB, Compressed Oops mode: Zero based, Oop shift amount: 3
CDS archive(s) mapped at: [0x0000000800000000-0x0000000800b50000-0x0000000800b50000), size 11862016, SharedBaseAddress: 0x0000000800000000, ArchiveRelocationMode: 0.
Compressed class space mapped at: 0x0000000800b50000-0x0000000840b50000, size: 1073741824
Narrow klass base: 0x0000000800000000, Narrow klass shift: 3, Narrow klass range: 0x100000000

GC Precious Log:
 CPUs: 12 total, 12 available
 Memory: 32693M
 Large Page Support: Disabled
 NUMA Support: Disabled
 Compressed Oops: Enabled (Zero based)
 Heap Region Size: 4M
 Heap Min Capacity: 8M
 Heap Initial Capacity: 512M
 Heap Max Capacity: 8176M
 Pre-touch: Disabled
 Parallel Workers: 10
 Concurrent Workers: 3
 Concurrent Refinement Workers: 10
 Periodic GC: Disabled

Heap:
 garbage-first heap   total 163840K, used 64573K [0x0000000601000000, 0x0000000800000000)
  region size 4096K, 6 young (24576K), 2 survivors (8192K)
 Metaspace       used 72431K, capacity 73260K, committed 73420K, reserved 1112064K
  class space    used 9603K, capacity 9877K, committed 9984K, reserved 1048576K

Heap Regions: E=young(eden), S=young(survivor), O=old, HS=humongous(starts), HC=humongous(continues), CS=collection set, F=free, OA=open archive, CA=closed archive, TAMS=top-at-mark-start (previous, next)
|   0|0x0000000601000000, 0x0000000601400000, 0x0000000601400000|100%| O|  |TAMS 0x0000000601400000, 0x0000000601000000| Untracked 
|   1|0x0000000601400000, 0x0000000601800000, 0x0000000601800000|100%| O|  |TAMS 0x0000000601800000, 0x0000000601400000| Untracked 
|   2|0x0000000601800000, 0x0000000601c00000, 0x0000000601c00000|100%| O|  |TAMS 0x0000000601800000, 0x0000000601800000| Untracked 
|   3|0x0000000601c00000, 0x0000000602000000, 0x0000000602000000|100%| O|  |TAMS 0x0000000602000000, 0x0000000601c00000| Untracked 
|   4|0x0000000602000000, 0x0000000602400000, 0x0000000602400000|100%| O|  |TAMS 0x0000000602000000, 0x0000000602000000| Untracked 
|   5|0x0000000602400000, 0x0000000602800000, 0x0000000602800000|100%| O|  |TAMS 0x0000000602800000, 0x0000000602400000| Untracked 
|   6|0x0000000602800000, 0x0000000602c00000, 0x0000000602c00000|100%| O|  |TAMS 0x0000000602c00000, 0x0000000602800000| Untracked 
|   7|0x0000000602c00000, 0x0000000603000000, 0x0000000603000000|100%| O|  |TAMS 0x0000000603000000, 0x0000000602c00000| Untracked 
|   8|0x0000000603000000, 0x000000060304b200, 0x0000000603400000|  7%| O|  |TAMS 0x0000000603000000, 0x0000000603000000| Untracked 
|   9|0x0000000603400000, 0x0000000603800000, 0x0000000603800000|100%| O|  |TAMS 0x0000000603800000, 0x0000000603400000| Untracked 
|  10|0x0000000603800000, 0x0000000603c00000, 0x0000000603c00000|100%| O|  |TAMS 0x0000000603c00000, 0x0000000603800000| Untracked 
|  11|0x0000000603c00000, 0x0000000603fb6400, 0x0000000604000000| 92%| O|  |TAMS 0x0000000603fb6400, 0x0000000603c00000| Untracked 
|  12|0x0000000604000000, 0x0000000604000000, 0x0000000604400000|  0%| F|  |TAMS 0x0000000604000000, 0x0000000604000000| Untracked 
|  13|0x0000000604400000, 0x0000000604400000, 0x0000000604800000|  0%| F|  |TAMS 0x0000000604400000, 0x0000000604400000| Untracked 
|  14|0x0000000604800000, 0x0000000604800000, 0x0000000604c00000|  0%| F|  |TAMS 0x0000000604800000, 0x0000000604800000| Untracked 
|  15|0x0000000604c00000, 0x0000000604c00000, 0x0000000605000000|  0%| F|  |TAMS 0x0000000604c00000, 0x0000000604c00000| Untracked 
|  16|0x0000000605000000, 0x0000000605000000, 0x0000000605400000|  0%| F|  |TAMS 0x0000000605000000, 0x0000000605000000| Untracked 
|  17|0x0000000605400000, 0x00000006055d0910, 0x0000000605800000| 45%| S|  |TAMS 0x0000000605400000, 0x0000000605400000| Complete 
|  18|0x0000000605800000, 0x0000000605800000, 0x0000000605c00000|  0%| F|  |TAMS 0x0000000605800000, 0x0000000605800000| Untracked 
|  19|0x0000000605c00000, 0x0000000606000000, 0x0000000606000000|100%| S|  |TAMS 0x0000000605c00000, 0x0000000605c00000| Complete 
|  20|0x0000000606000000, 0x0000000606000000, 0x0000000606400000|  0%| F|  |TAMS 0x0000000606000000, 0x0000000606000000| Untracked 
|  21|0x0000000606400000, 0x0000000606400000, 0x0000000606800000|  0%| F|  |TAMS 0x0000000606400000, 0x0000000606400000| Untracked 
|  22|0x0000000606800000, 0x0000000606800000, 0x0000000606c00000|  0%| F|  |TAMS 0x0000000606800000, 0x0000000606800000| Untracked 
|  23|0x0000000606c00000, 0x0000000606c00000, 0x0000000607000000|  0%| F|  |TAMS 0x0000000606c00000, 0x0000000606c00000| Untracked 
|  24|0x0000000607000000, 0x0000000607000000, 0x0000000607400000|  0%| F|  |TAMS 0x0000000607000000, 0x0000000607000000| Untracked 
|  25|0x0000000607400000, 0x0000000607400000, 0x0000000607800000|  0%| F|  |TAMS 0x0000000607400000, 0x0000000607400000| Untracked 
|  26|0x0000000607800000, 0x0000000607800000, 0x0000000607c00000|  0%| F|  |TAMS 0x0000000607800000, 0x0000000607800000| Untracked 
|  27|0x0000000607c00000, 0x0000000607c00000, 0x0000000608000000|  0%| F|  |TAMS 0x0000000607c00000, 0x0000000607c00000| Untracked 
|  28|0x0000000608000000, 0x0000000608000000, 0x0000000608400000|  0%| F|  |TAMS 0x0000000608000000, 0x0000000608000000| Untracked 
|  29|0x0000000608400000, 0x0000000608400000, 0x0000000608800000|  0%| F|  |TAMS 0x0000000608400000, 0x0000000608400000| Untracked 
|  30|0x0000000608800000, 0x0000000608800000, 0x0000000608c00000|  0%| F|  |TAMS 0x0000000608800000, 0x0000000608800000| Untracked 
|  31|0x0000000608c00000, 0x0000000608c00000, 0x0000000609000000|  0%| F|  |TAMS 0x0000000608c00000, 0x0000000608c00000| Untracked 
|  32|0x0000000609000000, 0x0000000609000000, 0x0000000609400000|  0%| F|  |TAMS 0x0000000609000000, 0x0000000609000000| Untracked 
|  33|0x0000000609400000, 0x0000000609400000, 0x0000000609800000|  0%| F|  |TAMS 0x0000000609400000, 0x0000000609400000| Untracked 
|  34|0x0000000609800000, 0x0000000609800000, 0x0000000609c00000|  0%| F|  |TAMS 0x0000000609800000, 0x0000000609800000| Untracked 
|  35|0x0000000609c00000, 0x0000000609c00000, 0x000000060a000000|  0%| F|  |TAMS 0x0000000609c00000, 0x0000000609c00000| Untracked 
|  36|0x000000060a000000, 0x000000060a13d5f0, 0x000000060a400000| 30%| E|  |TAMS 0x000000060a000000, 0x000000060a000000| Complete 
|  37|0x000000060a400000, 0x000000060a800000, 0x000000060a800000|100%| E|  |TAMS 0x000000060a400000, 0x000000060a400000| Complete 
|  66|0x0000000611800000, 0x0000000611c00000, 0x0000000611c00000|100%| E|  |TAMS 0x0000000611800000, 0x0000000611800000| Complete 
| 127|0x0000000620c00000, 0x0000000621000000, 0x0000000621000000|100%| E|  |TAMS 0x0000000620c00000, 0x0000000620c00000| Complete 

Card table byte_map: [0x0000019450a30000,0x0000019451a30000] _byte_map_base: 0x000001944da28000

Marking Bits (Prev, Next): (CMBitMap*) 0x00000194360fb610, (CMBitMap*) 0x00000194360fb650
 Prev Bits: [0x0000019452a30000, 0x000001945a9f0000)
 Next Bits: [0x000001945a9f0000, 0x00000194629b0000)

Polling page: 0x0000019436240000

Metaspace:

Usage:
  Non-class:     61.90 MB capacity,    61.36 MB (>99%) used,   449.85 KB ( <1%) free+waste,   104.94 KB ( <1%) overhead. 
      Class:      9.65 MB capacity,     9.38 MB ( 97%) used,   231.84 KB (  2%) free+waste,    42.00 KB ( <1%) overhead. 
       Both:     71.54 MB capacity,    70.73 MB ( 99%) used,   681.69 KB ( <1%) free+waste,   146.94 KB ( <1%) overhead. 

Virtual space:
  Non-class space:       62.00 MB reserved,      61.95 MB (>99%) committed 
      Class space:        1.00 GB reserved,       9.75 MB ( <1%) committed 
             Both:        1.06 GB reserved,      71.70 MB (  7%) committed 

Chunk freelists:
   Non-Class:  53.00 KB
       Class:  11.00 KB
        Both:  64.00 KB

MaxMetaspaceSize: 17179869184.00 GB
CompressedClassSpaceSize: 1.00 GB

CodeHeap 'non-profiled nmethods': size=238336Kb used=15080Kb max_used=15080Kb free=223255Kb
 bounds [0x0000019440c10000, 0x0000019441ad0000, 0x000001944f4d0000]
CodeHeap 'non-nmethods': size=7424Kb used=1444Kb max_used=1444Kb free=5979Kb
 bounds [0x00000194404d0000, 0x0000019440740000, 0x0000019440c10000]
 total_blobs=9469 nmethods=8806 adapters=589
 compilation: enabled
              stopped_count=0, restarted_count=0
 full_count=0

Compilation events (20 events):
Event: 112.744 Thread 0x0000019464dc8ee0 nmethod 8797 0x0000019441ac6f90 code [0x0000019441ac7160, 0x0000019441ac7638]
Event: 112.746 Thread 0x0000019464dc8ee0 8798       1       java.util.concurrent.locks.AbstractQueuedSynchronizer$ConditionObject::signal (34 bytes)
Event: 112.746 Thread 0x0000019464dc8ee0 nmethod 8798 0x0000019441ac7890 code [0x0000019441ac7a60, 0x0000019441ac7c48]
Event: 112.746 Thread 0x0000019464dc8ee0 8799       1       java.util.Arrays::fill (21 bytes)
Event: 112.746 Thread 0x0000019464dc8ee0 nmethod 8799 0x0000019441ac7d90 code [0x0000019441ac7f20, 0x0000019441ac80b8]
Event: 112.747 Thread 0x0000019464dc8ee0 8800       1       java.util.concurrent.locks.AbstractQueuedSynchronizer$Node::setPrevRelaxed (12 bytes)
Event: 112.747 Thread 0x0000019464dc8ee0 nmethod 8800 0x0000019441ac8190 code [0x0000019441ac8320, 0x0000019441ac8438]
Event: 112.748 Thread 0x0000019464dc8ee0 8801       1       org.hibernate.service.spi.ServiceBinding::getLifecycleOwner (5 bytes)
Event: 112.748 Thread 0x0000019464dc8ee0 nmethod 8801 0x0000019441ac8490 code [0x0000019441ac8620, 0x0000019441ac86d8]
Event: 112.749 Thread 0x0000019464dc8ee0 8802       1       org.springframework.beans.factory.support.DefaultListableBeanFactory::clearByTypeCache (19 bytes)
Event: 112.749 Thread 0x0000019464dc8ee0 nmethod 8802 0x0000019441ac8790 code [0x0000019441ac8940, 0x0000019441ac8a78]
Event: 112.750 Thread 0x0000019464dc8ee0 8803       1       com.sun.crypto.provider.GHASH::processBlocks (26 bytes)
Event: 112.750 Thread 0x0000019464dc8ee0 nmethod 8803 0x0000019441ac8b10 code [0x0000019441ac8cc0, 0x0000019441ac8ec8]
Event: 112.752 Thread 0x0000019464dc8ee0 8804       1       java.text.NumberFormat::isGroupingUsed (5 bytes)
Event: 112.752 Thread 0x0000019464dc8ee0 nmethod 8804 0x0000019441ac9090 code [0x0000019441ac9220, 0x0000019441ac92d8]
Event: 112.752 Thread 0x0000019464dc8ee0 8805       1       org.springframework.beans.factory.support.DefaultListableBeanFactory::destroySingleton (15 bytes)
Event: 112.752 Thread 0x0000019464dc8ee0 nmethod 8805 0x0000019441ac9390 code [0x0000019441ac9580, 0x0000019441ac9878]
Event: 112.752 Thread 0x0000019464dc8ee0 8806   !   1       org.springframework.beans.factory.support.DefaultSingletonBeanRegistry::destroySingleton (45 bytes)
Event: 112.752 Thread 0x0000019464dc8ee0 nmethod 8806 0x0000019441ac9b90 code [0x0000019441ac9d60, 0x0000019441aca028]
Event: 112.752 Thread 0x0000019464dc8ee0 8810       1       org.springframework.util.ConcurrentReferenceHashMap$EntryIterator::moveToNextSegment (55 bytes)

GC Heap History (20 events):
Event: 4.542 GC heap after
{Heap after GC invocations=11 (full 0):
 garbage-first heap   total 122880K, used 32035K [0x0000000601000000, 0x0000000800000000)
  region size 4096K, 2 young (8192K), 2 survivors (8192K)
 Metaspace       used 53633K, capacity 54145K, committed 54272K, reserved 1095680K
  class space    used 6966K, capacity 7124K, committed 7168K, reserved 1048576K
}
Event: 4.902 GC heap before
{Heap before GC invocations=11 (full 0):
 garbage-first heap   total 122880K, used 89379K [0x0000000601000000, 0x0000000800000000)
  region size 4096K, 16 young (65536K), 2 survivors (8192K)
 Metaspace       used 55364K, capacity 55940K, committed 56064K, reserved 1097728K
  class space    used 7181K, capacity 7381K, committed 7424K, reserved 1048576K
}
Event: 4.908 GC heap after
{Heap after GC invocations=12 (full 0):
 garbage-first heap   total 323584K, used 33497K [0x0000000601000000, 0x0000000800000000)
  region size 4096K, 2 young (8192K), 2 survivors (8192K)
 Metaspace       used 55364K, capacity 55940K, committed 56064K, reserved 1097728K
  class space    used 7181K, capacity 7381K, committed 7424K, reserved 1048576K
}
Event: 5.208 GC heap before
{Heap before GC invocations=12 (full 0):
 garbage-first heap   total 323584K, used 78553K [0x0000000601000000, 0x0000000800000000)
  region size 4096K, 14 young (57344K), 2 survivors (8192K)
 Metaspace       used 59547K, capacity 60060K, committed 60160K, reserved 1101824K
  class space    used 7774K, capacity 7964K, committed 8064K, reserved 1048576K
}
Event: 5.213 GC heap after
{Heap after GC invocations=13 (full 0):
 garbage-first heap   total 323584K, used 34755K [0x0000000601000000, 0x0000000800000000)
  region size 4096K, 2 young (8192K), 2 survivors (8192K)
 Metaspace       used 59547K, capacity 60060K, committed 60160K, reserved 1101824K
  class space    used 7774K, capacity 7964K, committed 8064K, reserved 1048576K
}
Event: 5.654 GC heap before
{Heap before GC invocations=14 (full 0):
 garbage-first heap   total 163840K, used 124867K [0x0000000601000000, 0x0000000800000000)
  region size 4096K, 24 young (98304K), 2 survivors (8192K)
 Metaspace       used 61458K, capacity 62102K, committed 62284K, reserved 1103872K
  class space    used 8067K, capacity 8272K, committed 8320K, reserved 1048576K
}
Event: 5.660 GC heap after
{Heap after GC invocations=15 (full 0):
 garbage-first heap   total 163840K, used 37336K [0x0000000601000000, 0x0000000800000000)
  region size 4096K, 3 young (12288K), 3 survivors (12288K)
 Metaspace       used 61458K, capacity 62102K, committed 62284K, reserved 1103872K
  class space    used 8067K, capacity 8272K, committed 8320K, reserved 1048576K
}
Event: 5.677 GC heap before
{Heap before GC invocations=15 (full 0):
 garbage-first heap   total 163840K, used 41432K [0x0000000601000000, 0x0000000800000000)
  region size 4096K, 4 young (16384K), 3 survivors (12288K)
 Metaspace       used 61460K, capacity 62105K, committed 62284K, reserved 1103872K
  class space    used 8068K, capacity 8273K, committed 8320K, reserved 1048576K
}
Event: 5.685 GC heap after
{Heap after GC invocations=16 (full 0):
 garbage-first heap   total 163840K, used 37446K [0x0000000601000000, 0x0000000800000000)
  region size 4096K, 1 young (4096K), 1 survivors (4096K)
 Metaspace       used 61460K, capacity 62105K, committed 62284K, reserved 1103872K
  class space    used 8068K, capacity 8273K, committed 8320K, reserved 1048576K
}
Event: 5.946 GC heap before
{Heap before GC invocations=16 (full 0):
 garbage-first heap   total 163840K, used 127558K [0x0000000601000000, 0x0000000800000000)
  region size 4096K, 24 young (98304K), 1 survivors (4096K)
 Metaspace       used 63064K, capacity 63687K, committed 63820K, reserved 1103872K
  class space    used 8253K, capacity 8449K, committed 8576K, reserved 1048576K
}
Event: 5.950 GC heap after
{Heap after GC invocations=17 (full 0):
 garbage-first heap   total 196608K, used 38797K [0x0000000601000000, 0x0000000800000000)
  region size 4096K, 1 young (4096K), 1 survivors (4096K)
 Metaspace       used 63064K, capacity 63687K, committed 63820K, reserved 1103872K
  class space    used 8253K, capacity 8449K, committed 8576K, reserved 1048576K
}
Event: 6.394 GC heap before
{Heap before GC invocations=18 (full 0):
 garbage-first heap   total 163840K, used 133005K [0x0000000601000000, 0x0000000800000000)
  region size 4096K, 24 young (98304K), 1 survivors (4096K)
 Metaspace       used 64705K, capacity 65420K, committed 65484K, reserved 1105920K
  class space    used 8430K, capacity 8654K, committed 8704K, reserved 1048576K
}
Event: 6.399 GC heap after
{Heap after GC invocations=19 (full 0):
 garbage-first heap   total 163840K, used 41463K [0x0000000601000000, 0x0000000800000000)
  region size 4096K, 2 young (8192K), 2 survivors (8192K)
 Metaspace       used 64705K, capacity 65420K, committed 65484K, reserved 1105920K
  class space    used 8430K, capacity 8654K, committed 8704K, reserved 1048576K
}
Event: 6.890 GC heap before
{Heap before GC invocations=19 (full 0):
 garbage-first heap   total 163840K, used 131575K [0x0000000601000000, 0x0000000800000000)
  region size 4096K, 24 young (98304K), 2 survivors (8192K)
 Metaspace       used 67508K, capacity 68149K, committed 68428K, reserved 1107968K
  class space    used 8827K, capacity 9063K, committed 9088K, reserved 1048576K
}
Event: 6.897 GC heap after
{Heap after GC invocations=20 (full 0):
 garbage-first heap   total 163840K, used 45520K [0x0000000601000000, 0x0000000800000000)
  region size 4096K, 3 young (12288K), 3 survivors (12288K)
 Metaspace       used 67508K, capacity 68149K, committed 68428K, reserved 1107968K
  class space    used 8827K, capacity 9063K, committed 9088K, reserved 1048576K
}
Event: 7.298 GC heap before
{Heap before GC invocations=20 (full 0):
 garbage-first heap   total 163840K, used 131536K [0x0000000601000000, 0x0000000800000000)
  region size 4096K, 24 young (98304K), 3 survivors (12288K)
 Metaspace       used 69385K, capacity 70087K, committed 70220K, reserved 1110016K
  class space    used 9078K, capacity 9324K, committed 9344K, reserved 1048576K
}
Event: 7.307 GC heap after
{Heap after GC invocations=21 (full 0):
 garbage-first heap   total 163840K, used 48819K [0x0000000601000000, 0x0000000800000000)
  region size 4096K, 2 young (8192K), 2 survivors (8192K)
 Metaspace       used 69385K, capacity 70087K, committed 70220K, reserved 1110016K
  class space    used 9078K, capacity 9324K, committed 9344K, reserved 1048576K
}
Event: 87.727 GC heap before
{Heap before GC invocations=21 (full 0):
 garbage-first heap   total 163840K, used 130739K [0x0000000601000000, 0x0000000800000000)
  region size 4096K, 22 young (90112K), 2 survivors (8192K)
 Metaspace       used 72127K, capacity 72826K, committed 73036K, reserved 1112064K
  class space    used 9549K, capacity 9775K, committed 9856K, reserved 1048576K
}
Event: 87.735 GC heap after
{Heap after GC invocations=22 (full 0):
 garbage-first heap   total 163840K, used 51015K [0x0000000601000000, 0x0000000800000000)
  region size 4096K, 2 young (8192K), 2 survivors (8192K)
 Metaspace       used 72127K, capacity 72826K, committed 73036K, reserved 1112064K
  class space    used 9549K, capacity 9775K, committed 9856K, reserved 1048576K
}
Event: 112.753 GC heap before
{Heap before GC invocations=22 (full 0):
 garbage-first heap   total 163840K, used 63303K [0x0000000601000000, 0x0000000800000000)
  region size 4096K, 6 young (24576K), 2 survivors (8192K)
 Metaspace       used 72431K, capacity 73260K, committed 73420K, reserved 1112064K
  class space    used 9603K, capacity 9877K, committed 9984K, reserved 1048576K
}

Deoptimization events (20 events):
Event: 112.724 Thread 0x000001946c041830 DEOPT PACKING pc=0x00000194410c6644 sp=0x0000002ae54fb650
Event: 112.724 Thread 0x000001946c041830 DEOPT UNPACKING pc=0x000001944051e23f sp=0x0000002ae54fab88 mode 1
Event: 112.724 Thread 0x000001946c041830 DEOPT PACKING pc=0x00000194410c584c sp=0x0000002ae54fb740
Event: 112.724 Thread 0x000001946c041830 DEOPT UNPACKING pc=0x000001944051e23f sp=0x0000002ae54facc8 mode 1
Event: 112.724 Thread 0x000001946c041830 DEOPT PACKING pc=0x00000194410c3e1c sp=0x0000002ae54fb880
Event: 112.724 Thread 0x000001946c041830 DEOPT UNPACKING pc=0x000001944051e23f sp=0x0000002ae54fae50 mode 1
Event: 112.725 Thread 0x000001946c041830 DEOPT PACKING pc=0x00000194410c6644 sp=0x0000002ae54fb430
Event: 112.725 Thread 0x000001946c041830 DEOPT UNPACKING pc=0x000001944051e23f sp=0x0000002ae54fa968 mode 1
Event: 112.725 Thread 0x000001946c041830 DEOPT PACKING pc=0x00000194410c584c sp=0x0000002ae54fb520
Event: 112.725 Thread 0x000001946c041830 DEOPT UNPACKING pc=0x000001944051e23f sp=0x0000002ae54faaa8 mode 1
Event: 112.725 Thread 0x000001946c041830 DEOPT PACKING pc=0x00000194410c3e1c sp=0x0000002ae54fb660
Event: 112.725 Thread 0x000001946c041830 DEOPT UNPACKING pc=0x000001944051e23f sp=0x0000002ae54fac30 mode 1
Event: 112.725 Thread 0x000001946c041830 DEOPT PACKING pc=0x00000194410c6644 sp=0x0000002ae54fb430
Event: 112.725 Thread 0x000001946c041830 DEOPT UNPACKING pc=0x000001944051e23f sp=0x0000002ae54fa968 mode 1
Event: 112.725 Thread 0x000001946c041830 DEOPT PACKING pc=0x00000194410c584c sp=0x0000002ae54fb520
Event: 112.725 Thread 0x000001946c041830 DEOPT UNPACKING pc=0x000001944051e23f sp=0x0000002ae54faaa8 mode 1
Event: 112.725 Thread 0x000001946c041830 DEOPT PACKING pc=0x00000194410c3e1c sp=0x0000002ae54fb660
Event: 112.725 Thread 0x000001946c041830 DEOPT UNPACKING pc=0x000001944051e23f sp=0x0000002ae54fac30 mode 1
Event: 112.744 Thread 0x0000019468eff3f0 DEOPT PACKING pc=0x0000019441aa959c sp=0x0000002ae85fee80
Event: 112.744 Thread 0x0000019468eff3f0 DEOPT UNPACKING pc=0x000001944051e23f sp=0x0000002ae85fe380 mode 1

Classes unloaded (2 events):
Event: 5.971 Thread 0x0000019464d961d0 Unloading class 0x000000080134f040 'jdk/internal/reflect/GeneratedSerializationConstructorAccessor19'
Event: 5.971 Thread 0x0000019464d961d0 Unloading class 0x0000000801020c40 'jdk/internal/reflect/GeneratedSerializationConstructorAccessor18'

Classes redefined (0 events):
No events

Internal exceptions (20 events):
Event: 7.274 Thread 0x00000194672bc5c0 Exception <a 'java/lang/NoSuchMethodError'{0x00000006063c1fc8}: 'void java.lang.invoke.DirectMethodHandle$Holder.invokeVirtual(java.lang.Object, java.lang.Object, long)'> (0x00000006063c1fc8) 
thrown [./open/src/hotspot/share/interpreter/linkResolver.cpp, line 782]
Event: 7.274 Thread 0x00000194672bc5c0 Exception <a 'java/lang/NoSuchMethodError'{0x00000006063d5f00}: 'void java.lang.invoke.DirectMethodHandle$Holder.invokeVirtual(java.lang.Object, java.lang.Object, float)'> (0x00000006063d5f00) 
thrown [./open/src/hotspot/share/interpreter/linkResolver.cpp, line 782]
Event: 7.420 Thread 0x00000194672bc5c0 Exception <a 'java/lang/NoSuchMethodError'{0x000000060a0cb6e8}: 'java.lang.Object java.lang.invoke.DirectMethodHandle$Holder.invokeSpecial(java.lang.Object, java.lang.Object, int, java.lang.Object, int, java.lang.Object)'> (0x000000060a0cb6e8) 
thrown [./open/src/hotspot/share/interpreter/linkResolver.cpp, line 782]
Event: 7.420 Thread 0x00000194672bc5c0 Exception <a 'java/lang/NoSuchMethodError'{0x000000060a0d4178}: 'java.lang.Object java.lang.invoke.DirectMethodHandle$Holder.newInvokeSpecial(java.lang.Object, java.lang.Object, int, java.lang.Object, int)'> (0x000000060a0d4178) 
thrown [./open/src/hotspot/share/interpreter/linkResolver.cpp, line 782]
Event: 7.420 Thread 0x00000194672bc5c0 Exception <a 'java/lang/NoSuchMethodError'{0x000000060a0d8388}: 'java.lang.Object java.lang.invoke.DirectMethodHandle$Holder.invokeSpecial(java.lang.Object, java.lang.Object, java.lang.Object, int, java.lang.Object, int)'> (0x000000060a0d8388) 
thrown [./open/src/hotspot/share/interpreter/linkResolver.cpp, line 782]
Event: 7.421 Thread 0x00000194672bc5c0 Exception <a 'java/lang/NoSuchMethodError'{0x000000060a0e3c88}: 'void java.lang.invoke.DirectMethodHandle$Holder.invokeVirtual(java.lang.Object, java.lang.Object)'> (0x000000060a0e3c88) 
thrown [./open/src/hotspot/share/interpreter/linkResolver.cpp, line 782]
Event: 7.564 Thread 0x00000194672bc5c0 Exception <a 'java/lang/NoSuchMethodError'{0x0000000609311e08}: 'void java.lang.invoke.DirectMethodHandle$Holder.invokeSpecial(java.lang.Object, java.lang.Object, java.lang.Object, java.lang.Object, java.lang.Object, java.lang.Object, java.lang.Object, java.lang.Object)'> (0x0000000609311e08) 
thrown [./open/src/hotspot/share/interpreter/linkResolver.cpp, line 782]
Event: 7.565 Thread 0x00000194672bc5c0 Exception <a 'java/lang/NoSuchMethodError'{0x000000060931df48}: 'java.lang.Object java.lang.invoke.DirectMethodHandle$Holder.newInvokeSpecial(java.lang.Object, java.lang.Object, java.lang.Object, java.lang.Object, java.lang.Object, java.lang.Object, java.lang.Object)'> (0x000000060931df48) 
thrown [./open/src/hotspot/share/interpreter/linkResolver.cpp, line 782]
Event: 7.565 Thread 0x00000194672bc5c0 Exception <a 'java/lang/NoSuchMethodError'{0x00000006093225f8}: 'java.lang.Object java.lang.invoke.Invokers$Holder.linkToTargetMethod(java.lang.Object, java.lang.Object, java.lang.Object, java.lang.Object, java.lang.Object, java.lang.Object, java.lang.Object)'> (0x00000006093225f8) 
thrown [./open/src/hotspot/share/interpreter/linkResolver.cpp, line 782]
Event: 7.593 Thread 0x00000194672bc5c0 Exception <a 'java/lang/NoSuchMethodError'{0x0000000608d0e5c8}: 'java.lang.Object java.lang.invoke.DirectMethodHandle$Holder.newInvokeSpecial(java.lang.Object, java.lang.Object, java.lang.Object, int)'> (0x0000000608d0e5c8) 
thrown [./open/src/hotspot/share/interpreter/linkResolver.cpp, line 782]
Event: 7.593 Thread 0x00000194672bc5c0 Exception <a 'java/lang/NoSuchMethodError'{0x0000000608d129c8}: 'java.lang.Object java.lang.invoke.DirectMethodHandle$Holder.invokeSpecial(java.lang.Object, java.lang.Object, java.lang.Object, java.lang.Object, int)'> (0x0000000608d129c8) 
thrown [./open/src/hotspot/share/interpreter/linkResolver.cpp, line 782]
Event: 7.593 Thread 0x00000194672bc5c0 Exception <a 'java/lang/NoSuchMethodError'{0x0000000608d162a0}: 'java.lang.Object java.lang.invoke.Invokers$Holder.linkToTargetMethod(java.lang.Object, java.lang.Object, int, java.lang.Object)'> (0x0000000608d162a0) 
thrown [./open/src/hotspot/share/interpreter/linkResolver.cpp, line 782]
Event: 7.637 Thread 0x00000194672bc5c0 Exception <a 'java/lang/NoSuchMethodError'{0x00000006088833e0}: 'java.lang.Object java.lang.invoke.DirectMethodHandle$Holder.invokeStatic(java.lang.Object, int, java.lang.Object)'> (0x00000006088833e0) 
thrown [./open/src/hotspot/share/interpreter/linkResolver.cpp, line 782]
Event: 7.661 Thread 0x00000194672bc5c0 Exception <a 'java/lang/ClassNotFoundException'{0x0000000608a6c3f0}: me/zhyd/oauth/model/AuthCallbackBeanInfo> (0x0000000608a6c3f0) 
thrown [./open/src/hotspot/share/classfile/systemDictionary.cpp, line 295]
Event: 7.661 Thread 0x00000194672bc5c0 Exception <a 'java/lang/ClassNotFoundException'{0x0000000608a6dd38}: java/lang/ObjectBeanInfo> (0x0000000608a6dd38) 
thrown [./open/src/hotspot/share/classfile/systemDictionary.cpp, line 295]
Event: 7.661 Thread 0x00000194672bc5c0 Exception <a 'java/lang/ClassNotFoundException'{0x0000000608a6f630}: java/lang/ObjectCustomizer> (0x0000000608a6f630) 
thrown [./open/src/hotspot/share/classfile/systemDictionary.cpp, line 295]
Event: 7.662 Thread 0x00000194672bc5c0 Exception <a 'java/lang/ClassNotFoundException'{0x0000000608a77440}: me/zhyd/oauth/model/AuthCallbackCustomizer> (0x0000000608a77440) 
thrown [./open/src/hotspot/share/classfile/systemDictionary.cpp, line 295]
Event: 112.728 Thread 0x0000019468f06770 Exception <a 'java/lang/InterruptedException'{0x0000000611b8ca50}: sleep interrupted> (0x0000000611b8ca50) 
thrown [./open/src/hotspot/share/prims/jvm.cpp, line 3278]
Event: 112.744 Thread 0x0000019468eff3f0 Exception <a 'java/lang/InterruptedException'{0x000000060a5d2b20}: sleep interrupted> (0x000000060a5d2b20) 
thrown [./open/src/hotspot/share/prims/jvm.cpp, line 3278]
Event: 112.749 Thread 0x0000019468f03750 Exception <a 'java/lang/InterruptedException'{0x000000060a047460}: sleep interrupted> (0x000000060a047460) 
thrown [./open/src/hotspot/share/prims/jvm.cpp, line 3278]

Events (20 events):
Event: 112.749 loading class com/alibaba/druid/pool/PreparedStatementPool done
Event: 112.749 Thread 0x0000019468f03750 Thread exited: 0x0000019468f03750
Event: 112.749 loading class com/alibaba/druid/pool/PreparedStatementPool$LRUCache
Event: 112.749 loading class com/alibaba/druid/pool/PreparedStatementPool$LRUCache done
Event: 112.750 loading class sun/security/ssl/Alert
Event: 112.750 loading class sun/security/ssl/Alert done
Event: 112.750 loading class sun/security/ssl/Alert$AlertConsumer
Event: 112.750 loading class sun/security/ssl/Alert$AlertConsumer done
Event: 112.750 loading class sun/security/ssl/Alert$Level
Event: 112.750 loading class sun/security/ssl/Alert$Level done
Event: 112.751 loading class javax/crypto/ShortBufferException
Event: 112.751 loading class javax/crypto/ShortBufferException done
Event: 112.751 loading class javax/crypto/AEADBadTagException
Event: 112.751 loading class javax/crypto/BadPaddingException
Event: 112.751 loading class javax/crypto/BadPaddingException done
Event: 112.751 loading class javax/crypto/AEADBadTagException done
Event: 112.751 loading class com/alibaba/druid/pool/DruidDataSource$2
Event: 112.751 loading class com/alibaba/druid/pool/DruidDataSource$2 done
Event: 112.751 Thread 0x0000019468f010d0 Thread exited: 0x0000019468f010d0
Event: 112.752 Executing VM operation: G1CollectFull


Dynamic libraries:
0x00007ff7a6410000 - 0x00007ff7a641f000 	C:\Program Files\Java\jdk-15.0.1\bin\java.exe
0x00007ff9674b0000 - 0x00007ff9676a5000 	C:\WINDOWS\SYSTEM32\ntdll.dll
0x00007ff966540000 - 0x00007ff9665fd000 	C:\WINDOWS\System32\KERNEL32.DLL
0x00007ff964e00000 - 0x00007ff9650c9000 	C:\WINDOWS\System32\KERNELBASE.dll
0x00007ff965240000 - 0x00007ff965340000 	C:\WINDOWS\System32\ucrtbase.dll
0x00007ff95e4c0000 - 0x00007ff95e4d9000 	C:\Program Files\Java\jdk-15.0.1\bin\VCRUNTIME140.dll
0x00007ff95e4a0000 - 0x00007ff95e4b8000 	C:\Program Files\Java\jdk-15.0.1\bin\jli.dll
0x00007ff966220000 - 0x00007ff9662cc000 	C:\WINDOWS\System32\ADVAPI32.dll
0x00007ff967360000 - 0x00007ff9673fe000 	C:\WINDOWS\System32\msvcrt.dll
0x00007ff965510000 - 0x00007ff9655ac000 	C:\WINDOWS\System32\sechost.dll
0x00007ff965c60000 - 0x00007ff965d8b000 	C:\WINDOWS\System32\RPCRT4.dll
0x00007ff9666d0000 - 0x00007ff966870000 	C:\WINDOWS\System32\USER32.dll
0x00007ff964bf0000 - 0x00007ff964c12000 	C:\WINDOWS\System32\win32u.dll
0x00007ff964010000 - 0x00007ff9642aa000 	C:\WINDOWS\WinSxS\amd64_microsoft.windows.common-controls_6595b64144ccf1df_6.0.19041.844_none_ca00b6081b84eb1d\COMCTL32.dll
0x00007ff967330000 - 0x00007ff96735a000 	C:\WINDOWS\System32\GDI32.dll
0x00007ff9650d0000 - 0x00007ff9651db000 	C:\WINDOWS\System32\gdi32full.dll
0x00007ff965470000 - 0x00007ff96550d000 	C:\WINDOWS\System32\msvcp_win.dll
0x00007ff95bd50000 - 0x00007ff95bd5a000 	C:\WINDOWS\SYSTEM32\VERSION.dll
0x00007ff966a00000 - 0x00007ff966a30000 	C:\WINDOWS\System32\IMM32.DLL
0x00007ff95f050000 - 0x00007ff95f05c000 	C:\Program Files\Java\jdk-15.0.1\bin\vcruntime140_1.dll
0x00007ff92ec20000 - 0x00007ff92ecb1000 	C:\Program Files\Java\jdk-15.0.1\bin\msvcp140.dll
0x00007ff8fc240000 - 0x00007ff8fcd9e000 	C:\Program Files\Java\jdk-15.0.1\bin\server\jvm.dll
0x00007ff966530000 - 0x00007ff966538000 	C:\WINDOWS\System32\PSAPI.DLL
0x00007ff95e3b0000 - 0x00007ff95e3b9000 	C:\WINDOWS\SYSTEM32\WSOCK32.dll
0x00007ff95b130000 - 0x00007ff95b157000 	C:\WINDOWS\SYSTEM32\WINMM.dll
0x00007ff967400000 - 0x00007ff96746b000 	C:\WINDOWS\System32\WS2_32.dll
0x00007ff962ea0000 - 0x00007ff962eb2000 	C:\WINDOWS\SYSTEM32\kernel.appcore.dll
0x00007ff95e460000 - 0x00007ff95e46a000 	C:\Program Files\Java\jdk-15.0.1\bin\jimage.dll
0x00007ff964480000 - 0x00007ff964664000 	C:\WINDOWS\SYSTEM32\DBGHELP.DLL
0x00007ff9643d0000 - 0x00007ff9643fc000 	C:\WINDOWS\SYSTEM32\dbgcore.DLL
0x00007ff964d80000 - 0x00007ff964e00000 	C:\WINDOWS\System32\bcryptPrimitives.dll
0x00007ff952e70000 - 0x00007ff952ea9000 	C:\Program Files\Java\jdk-15.0.1\bin\jdwp.dll
0x00007ff95e2b0000 - 0x00007ff95e2be000 	C:\Program Files\Java\jdk-15.0.1\bin\instrument.dll
0x00007ff95e410000 - 0x00007ff95e435000 	C:\Program Files\Java\jdk-15.0.1\bin\java.dll
0x00007ff966a30000 - 0x00007ff967172000 	C:\WINDOWS\System32\SHELL32.dll
0x00007ff962620000 - 0x00007ff962db0000 	C:\WINDOWS\SYSTEM32\windows.storage.dll
0x00007ff965d90000 - 0x00007ff9660e5000 	C:\WINDOWS\System32\combase.dll
0x00007ff963f70000 - 0x00007ff963f9c000 	C:\WINDOWS\SYSTEM32\Wldp.dll
0x00007ff966870000 - 0x00007ff96691e000 	C:\WINDOWS\System32\SHCORE.dll
0x00007ff966600000 - 0x00007ff966655000 	C:\WINDOWS\System32\shlwapi.dll
0x00007ff964b30000 - 0x00007ff964b4f000 	C:\WINDOWS\SYSTEM32\profapi.dll
0x00007ff95e2a0000 - 0x00007ff95e2ab000 	C:\Program Files\Java\jdk-15.0.1\bin\dt_socket.dll
0x00007ff9639e0000 - 0x00007ff963a1b000 	C:\WINDOWS\SYSTEM32\IPHLPAPI.DLL
0x00007ff963e50000 - 0x00007ff963eba000 	C:\WINDOWS\system32\mswsock.dll
0x00007ff95e2d0000 - 0x00007ff95e2e8000 	C:\Program Files\Java\jdk-15.0.1\bin\zip.dll
0x00007ff95e3f0000 - 0x00007ff95e409000 	C:\Program Files\Java\jdk-15.0.1\bin\net.dll
0x00007ff959d30000 - 0x00007ff959e3c000 	C:\WINDOWS\SYSTEM32\WINHTTP.dll
0x00007ff95e3d0000 - 0x00007ff95e3e2000 	C:\Program Files\Java\jdk-15.0.1\bin\nio.dll
0x00007ff963a20000 - 0x00007ff963aeb000 	C:\WINDOWS\SYSTEM32\DNSAPI.dll
0x00007ff965bd0000 - 0x00007ff965bd8000 	C:\WINDOWS\System32\NSI.dll
0x0000000059dd0000 - 0x0000000059df6000 	C:\Program Files\Bonjour\mdnsNSP.dll
0x00007ff95d130000 - 0x00007ff95d13a000 	C:\Windows\System32\rasadhlp.dll
0x00007ff958ea0000 - 0x00007ff958f1f000 	C:\WINDOWS\System32\fwpuclnt.dll
0x00007ff965340000 - 0x00007ff965367000 	C:\WINDOWS\System32\bcrypt.dll
0x00007ff95da50000 - 0x00007ff95da59000 	C:\Program Files\Java\jdk-15.0.1\bin\management.dll
0x00007ff953830000 - 0x00007ff95383b000 	C:\Program Files\Java\jdk-15.0.1\bin\management_ext.dll
0x00007ff964980000 - 0x00007ff964998000 	C:\WINDOWS\SYSTEM32\CRYPTSP.dll
0x00007ff963650000 - 0x00007ff963684000 	C:\WINDOWS\system32\rsaenh.dll
0x00007ff964af0000 - 0x00007ff964b1e000 	C:\WINDOWS\SYSTEM32\USERENV.dll
0x00007ff963f30000 - 0x00007ff963f3c000 	C:\WINDOWS\SYSTEM32\CRYPTBASE.dll
0x00007ff95d530000 - 0x00007ff95d547000 	C:\WINDOWS\SYSTEM32\dhcpcsvc6.DLL
0x00007ff95d4b0000 - 0x00007ff95d4cd000 	C:\WINDOWS\SYSTEM32\dhcpcsvc.DLL
0x00007ff945f90000 - 0x00007ff945fa7000 	C:\WINDOWS\system32\napinsp.dll
0x00007ff944840000 - 0x00007ff94485b000 	C:\WINDOWS\system32\pnrpnsp.dll
0x00007ff95f540000 - 0x00007ff95f555000 	C:\WINDOWS\system32\wshbth.dll
0x00007ff95fe00000 - 0x00007ff95fe1d000 	C:\WINDOWS\system32\NLAapi.dll
0x00007ff9444e0000 - 0x00007ff9444f2000 	C:\WINDOWS\System32\winrnr.dll
0x00007ff952e60000 - 0x00007ff952e6d000 	C:\Program Files\Java\jdk-15.0.1\bin\sunmscapi.dll
0x00007ff964c20000 - 0x00007ff964d7f000 	C:\WINDOWS\System32\CRYPT32.dll
0x00007ff963fe0000 - 0x00007ff964007000 	C:\WINDOWS\SYSTEM32\ncrypt.dll
0x00007ff963fa0000 - 0x00007ff963fdb000 	C:\WINDOWS\SYSTEM32\NTASN1.dll

dbghelp: loaded successfully - version: 4.0.5 - missing functions: none
symbol engine: initialized successfully - sym options: 0x614 - pdb path: .;C:\Program Files\Java\jdk-15.0.1\bin;C:\WINDOWS\SYSTEM32;C:\WINDOWS\WinSxS\amd64_microsoft.windows.common-controls_6595b64144ccf1df_6.0.19041.844_none_ca00b6081b84eb1d;C:\Program Files\Java\jdk-15.0.1\bin\server;C:\Program Files\Bonjour

VM Arguments:
jvm_args: -agentlib:jdwp=transport=dt_socket,address=127.0.0.1:6905,suspend=y,server=n -XX:TieredStopAtLevel=1 -Xverify:none -Dspring.output.ansi.enabled=always -javaagent:C:\Users\xinyu\AppData\Local\JetBrains\IntelliJIdea2020.3\captureAgent\debugger-agent.jar -Dcom.sun.management.jmxremote -Dspring.jmx.enabled=true -Dspring.liveBeansView.mbeanDomain -Dspring.application.admin.enabled=true -Dfile.encoding=UTF-8 
java_command: com.suda.tree.TreeApplication --spring.profiles.active=dev
java_class_path (initial): C:\Project\tree\target\classes;D:\repository\org\springframework\boot\spring-boot-starter-web\2.4.2\spring-boot-starter-web-2.4.2.jar;D:\repository\org\springframework\boot\spring-boot-starter\2.4.2\spring-boot-starter-2.4.2.jar;D:\repository\org\springframework\boot\spring-boot-starter-logging\2.4.2\spring-boot-starter-logging-2.4.2.jar;D:\repository\ch\qos\logback\logback-classic\1.2.3\logback-classic-1.2.3.jar;D:\repository\ch\qos\logback\logback-core\1.2.3\logback-core-1.2.3.jar;D:\repository\org\apache\logging\log4j\log4j-to-slf4j\2.13.3\log4j-to-slf4j-2.13.3.jar;D:\repository\org\apache\logging\log4j\log4j-api\2.13.3\log4j-api-2.13.3.jar;D:\repository\org\slf4j\jul-to-slf4j\1.7.30\jul-to-slf4j-1.7.30.jar;D:\repository\jakarta\annotation\jakarta.annotation-api\1.3.5\jakarta.annotation-api-1.3.5.jar;D:\repository\org\yaml\snakeyaml\1.27\snakeyaml-1.27.jar;D:\repository\org\springframework\boot\spring-boot-starter-json\2.4.2\spring-boot-starter-json-2.4.2.jar;D:\repository\com\fasterxml\jackson\datatype\jackson-datatype-jdk8\2.11.4\jackson-datatype-jdk8-2.11.4.jar;D:\repository\com\fasterxml\jackson\datatype\jackson-datatype-jsr310\2.11.4\jackson-datatype-jsr310-2.11.4.jar;D:\repository\com\fasterxml\jackson\module\jackson-module-parameter-names\2.11.4\jackson-module-parameter-names-2.11.4.jar;D:\repository\org\springframework\boot\spring-boot-starter-tomcat\2.4.2\spring-boot-starter-tomcat-2.4.2.jar;D:\repository\org\apache\tomcat\embed\tomcat-embed-core\9.0.41\tomcat-embed-core-9.0.41.jar;D:\repository\org\glassfish\jakarta.el\3.0.3\jakarta.el-3.0.3.jar;D:\repository\org\apache\tomcat\embed\tomcat-embed-websocket\9.0.41\tomcat-embed-websocket-9.0.41.jar;D:\repository\org\springframework\spring-web\5.3.3\spring-web-5.3.3.jar;D:\repository\org\springframework\spring-beans\5.3.3\spring-beans-5.3.3.jar;D:\repository\org\springframework\spring-webmvc\5.3.3\spring-webmvc-5.3.3.jar;D:\repository\org\springframework\spring-expression\5.3.3\
Launcher Type: SUN_STANDARD

[Global flags]
     intx CICompilerCount                          = 4                                         {product} {ergonomic}
     uint ConcGCThreads                            = 3                                         {product} {ergonomic}
     uint G1ConcRefinementThreads                  = 10                                        {product} {ergonomic}
   size_t G1HeapRegionSize                         = 4194304                                   {product} {ergonomic}
    uintx GCDrainStackTargetSize                   = 64                                        {product} {ergonomic}
   size_t InitialHeapSize                          = 536870912                                 {product} {ergonomic}
     bool ManagementServer                         = true                                      {product} {command line}
   size_t MarkStackSize                            = 4194304                                   {product} {ergonomic}
   size_t MaxHeapSize                              = 8573157376                                {product} {ergonomic}
   size_t MaxNewSize                               = 5142216704                                {product} {ergonomic}
   size_t MinHeapDeltaBytes                        = 4194304                                   {product} {ergonomic}
   size_t MinHeapSize                              = 8388608                                   {product} {ergonomic}
    uintx NonNMethodCodeHeapSize                   = 7549744                                {pd product} {ergonomic}
    uintx NonProfiledCodeHeapSize                  = 244108496                              {pd product} {ergonomic}
    uintx ProfiledCodeHeapSize                     = 0                                      {pd product} {ergonomic}
    uintx ReservedCodeCacheSize                    = 251658240                              {pd product} {ergonomic}
     bool SegmentedCodeCache                       = true                                      {product} {ergonomic}
   size_t SoftMaxHeapSize                          = 8573157376                             {manageable} {ergonomic}
     intx TieredStopAtLevel                        = 1                                         {product} {command line}
     bool UseCompressedClassPointers               = true                                 {lp64_product} {ergonomic}
     bool UseCompressedOops                        = true                                 {lp64_product} {ergonomic}
     bool UseG1GC                                  = true                                      {product} {ergonomic}
     bool UseLargePagesIndividualAllocation        = false                                  {pd product} {ergonomic}

Logging:
Log output configuration:
 #0: stdout all=warning uptime,level,tags
 #1: stderr all=off uptime,level,tags

Environment Variables:
PATH=C:\Python39\Scripts\;C:\Python39\;C:\Program Files\Common Files\Oracle\Java\javapath;C:\softwares\VMware\bin\;C:\Program Files (x86)\Common Files\Oracle\Java\javapath;C:\Windows\system32;C:\Windows;C:\Windows\System32\Wbem;C:\Windows\System32\WindowsPowerShell\v1.0\;C:\Windows\System32\OpenSSH\;C:\Program Files\NVIDIA Corporation\NVIDIA NvDLISR;C:\softwares\Git\cmd;C:\Program Files\Pandoc\;C:\softwares\Redis-x64-5.0.10;C:\softwares\apache-maven-3.6.3\bin;C:\Program Files\Java\jdk-11.0.9\bin;C:\ProgramData\chocolatey\bin;C:\Users\xinyu\.dnx\bin;C:\Program Files\Microsoft DNX\Dnvm\;C:\Program Files\Microsoft SQL Server\130\Tools\Binn\;C:\WINDOWS\system32;C:\WINDOWS;C:\WINDOWS\System32\Wbem;C:\WINDOWS\System32\WindowsPowerShell\v1.0\;C:\WINDOWS\System32\OpenSSH\;C:\Users\xinyu\AppData\Roaming\nvm;C:\Program Files\nodejs;D:\softwares\XShell\;D:\softwares\Xftp\;C:\Program Files (x86)\Yarn\bin\;C:\Program Files\Docker\Docker\resources\bin;C:\ProgramData\DockerDesktop\version-bin;C:\Program Files (x86)\NVIDIA Corporation\PhysX\Common;C:\Python27\;C:\Python27\Scripts\;C:\Program Files\dotnet\;C:\Program Files\Microsoft SQL Server\Client SDK\ODBC\170\Tools\Binn\;D:\work\gopath\bin\;C:\Go\bin;C:\softwares\Git\bin;D:\softwares\nvm;D:\softwares\nodejs;C:\Program Files\nodejs\;D:\softwares\curl-7.76.0-win64-mingw;D:\softwares\ngrok;D:\softwares\anaconda;D:\softwares\anaconda\Library\mingw-w64\bin;D:\softwares\anaconda\Library\usr\bin;D:\softwares\anaconda\Library\bin;D:\softwares\anaconda\Scripts;C:\Users\xinyu\.cargo\bin;C:\Program Files\MySQL\MySQL Shell 8.0\bin\;C:\Users\xinyu\AppData\Local\Microsoft\WindowsApps;C:\Program Files\JetBrains\IntelliJ IDEA 2020.3\bin;;C:\softwares\Microsoft VS Code\bin;D:\softwares\WebStorm 2020.3.2\bin;;D:\softwares\GoLand 2020.3\bin;;C:\Program Files\Bandizip\;C:\softwares\PyCharm 2020.2.3\bin;;C:\softwares\CLion 2020.2.4\bin;;C:\Users\xinyu\AppData\Local\Yarn\bin;D:\softwares\PyCharm Community Edition 2020.3.1\bin;;C:\Users\xinyu\.dotnet\too
USERNAME=xinyu
OS=Windows_NT
PROCESSOR_IDENTIFIER=AMD64 Family 23 Model 113 Stepping 0, AuthenticAMD



---------------  S Y S T E M  ---------------

OS:
 Windows 10 , 64 bit Build 19041 (10.0.19041.804)
OS uptime: 1 days 11:28 hours

CPU: total 12 (initial active 12) (12 cores per cpu, 2 threads per core) family 23 model 113 stepping 0 microcode 0x0, cmov, cx8, fxsr, mmx, sse, sse2, sse3, ssse3, sse4.1, sse4.2, popcnt, vzeroupper, avx, avx2, aes, clmul, 3dnowpref, lzcnt, sse4a, ht, tsc, tscinvbit, tscinv, bmi1, bmi2, adx, sha, fma, clflush, clflushopt

Memory: 4k page, system-wide physical 32693M (16110M free)
TotalPageFile size 35099M (AvailPageFile size 9515M)
current process WorkingSet (physical memory assigned to process): 336M, peak: 339M
current process commit charge ("private bytes"): 397M, peak: 668M

vm_info: Java HotSpot(TM) 64-Bit Server VM (15.0.1+9-18) for windows-amd64 JRE (15.0.1+9-18), built on Sep 15 2020 14:43:54 by "mach5one" with unknown MS VC++:1925

END.
