2021-02-03 15:10:18 [restartedMain] WARN  o.s.b.w.s.c.AnnotationConfigServletWebServerApplicationContext - Exception encountered during context initialization - cancelling refresh attempt: org.springframework.beans.factory.UnsatisfiedDependencyException: Error creating bean with name 'testController': Unsatisfied dependency expressed through field 'treePicService'; nested exception is org.springframework.beans.factory.UnsatisfiedDependencyException: Error creating bean with name 'treePicServiceImpl': Unsatisfied dependency expressed through field 'treePicRepository'; nested exception is org.springframework.beans.factory.BeanCreationException: Error creating bean with name 'treePicRepository' defined in com.suda.tree.dao.TreePicRepository defined in @EnableMongoRepositories declared on MongoRepositoriesRegistrar.EnableMongoRepositoriesConfiguration: Invocation of init method failed; nested exception is org.springframework.data.mapping.PropertyReferenceException: No property update found for type TreePicture!
2021-02-03 15:10:18 [restartedMain] ERROR org.springframework.boot.SpringApplication - Application run failed
org.springframework.beans.factory.UnsatisfiedDependencyException: Error creating bean with name 'testController': Unsatisfied dependency expressed through field 'treePicService'; nested exception is org.springframework.beans.factory.UnsatisfiedDependencyException: Error creating bean with name 'treePicServiceImpl': Unsatisfied dependency expressed through field 'treePicRepository'; nested exception is org.springframework.beans.factory.BeanCreationException: Error creating bean with name 'treePicRepository' defined in com.suda.tree.dao.TreePicRepository defined in @EnableMongoRepositories declared on MongoRepositoriesRegistrar.EnableMongoRepositoriesConfiguration: Invocation of init method failed; nested exception is org.springframework.data.mapping.PropertyReferenceException: No property update found for type TreePicture!
	at org.springframework.beans.factory.annotation.AutowiredAnnotationBeanPostProcessor$AutowiredFieldElement.inject(AutowiredAnnotationBeanPostProcessor.java:643)
	at org.springframework.beans.factory.annotation.InjectionMetadata.inject(InjectionMetadata.java:119)
	at org.springframework.beans.factory.annotation.AutowiredAnnotationBeanPostProcessor.postProcessProperties(AutowiredAnnotationBeanPostProcessor.java:399)
	at org.springframework.beans.factory.support.AbstractAutowireCapableBeanFactory.populateBean(AbstractAutowireCapableBeanFactory.java:1415)
	at org.springframework.beans.factory.support.AbstractAutowireCapableBeanFactory.doCreateBean(AbstractAutowireCapableBeanFactory.java:608)
	at org.springframework.beans.factory.support.AbstractAutowireCapableBeanFactory.createBean(AbstractAutowireCapableBeanFactory.java:531)
	at org.springframework.beans.factory.support.AbstractBeanFactory.lambda$doGetBean$0(AbstractBeanFactory.java:335)
	at org.springframework.beans.factory.support.DefaultSingletonBeanRegistry.getSingleton(DefaultSingletonBeanRegistry.java:234)
	at org.springframework.beans.factory.support.AbstractBeanFactory.doGetBean(AbstractBeanFactory.java:333)
	at org.springframework.beans.factory.support.AbstractBeanFactory.getBean(AbstractBeanFactory.java:208)
	at org.springframework.beans.factory.support.DefaultListableBeanFactory.preInstantiateSingletons(DefaultListableBeanFactory.java:944)
	at org.springframework.context.support.AbstractApplicationContext.finishBeanFactoryInitialization(AbstractApplicationContext.java:923)
	at org.springframework.context.support.AbstractApplicationContext.refresh(AbstractApplicationContext.java:588)
	at org.springframework.boot.web.servlet.context.ServletWebServerApplicationContext.refresh(ServletWebServerApplicationContext.java:144)
	at org.springframework.boot.SpringApplication.refresh(SpringApplication.java:767)
	at org.springframework.boot.SpringApplication.refresh(SpringApplication.java:759)
	at org.springframework.boot.SpringApplication.refreshContext(SpringApplication.java:426)
	at org.springframework.boot.SpringApplication.run(SpringApplication.java:326)
	at org.springframework.boot.SpringApplication.run(SpringApplication.java:1311)
	at org.springframework.boot.SpringApplication.run(SpringApplication.java:1300)
	at com.suda.tree.TreeApplication.main(TreeApplication.java:10)
	at java.base/jdk.internal.reflect.NativeMethodAccessorImpl.invoke0(Native Method)
	at java.base/jdk.internal.reflect.NativeMethodAccessorImpl.invoke(NativeMethodAccessorImpl.java:64)
	at java.base/jdk.internal.reflect.DelegatingMethodAccessorImpl.invoke(DelegatingMethodAccessorImpl.java:43)
	at java.base/java.lang.reflect.Method.invoke(Method.java:564)
	at org.springframework.boot.devtools.restart.RestartLauncher.run(RestartLauncher.java:49)
Caused by: org.springframework.beans.factory.UnsatisfiedDependencyException: Error creating bean with name 'treePicServiceImpl': Unsatisfied dependency expressed through field 'treePicRepository'; nested exception is org.springframework.beans.factory.BeanCreationException: Error creating bean with name 'treePicRepository' defined in com.suda.tree.dao.TreePicRepository defined in @EnableMongoRepositories declared on MongoRepositoriesRegistrar.EnableMongoRepositoriesConfiguration: Invocation of init method failed; nested exception is org.springframework.data.mapping.PropertyReferenceException: No property update found for type TreePicture!
	at org.springframework.beans.factory.annotation.AutowiredAnnotationBeanPostProcessor$AutowiredFieldElement.inject(AutowiredAnnotationBeanPostProcessor.java:643)
	at org.springframework.beans.factory.annotation.InjectionMetadata.inject(InjectionMetadata.java:119)
	at org.springframework.beans.factory.annotation.AutowiredAnnotationBeanPostProcessor.postProcessProperties(AutowiredAnnotationBeanPostProcessor.java:399)
	at org.springframework.beans.factory.support.AbstractAutowireCapableBeanFactory.populateBean(AbstractAutowireCapableBeanFactory.java:1415)
	at org.springframework.beans.factory.support.AbstractAutowireCapableBeanFactory.doCreateBean(AbstractAutowireCapableBeanFactory.java:608)
	at org.springframework.beans.factory.support.AbstractAutowireCapableBeanFactory.createBean(AbstractAutowireCapableBeanFactory.java:531)
	at org.springframework.beans.factory.support.AbstractBeanFactory.lambda$doGetBean$0(AbstractBeanFactory.java:335)
	at org.springframework.beans.factory.support.DefaultSingletonBeanRegistry.getSingleton(DefaultSingletonBeanRegistry.java:234)
	at org.springframework.beans.factory.support.AbstractBeanFactory.doGetBean(AbstractBeanFactory.java:333)
	at org.springframework.beans.factory.support.AbstractBeanFactory.getBean(AbstractBeanFactory.java:208)
	at org.springframework.beans.factory.config.DependencyDescriptor.resolveCandidate(DependencyDescriptor.java:276)
	at org.springframework.beans.factory.support.DefaultListableBeanFactory.doResolveDependency(DefaultListableBeanFactory.java:1380)
	at org.springframework.beans.factory.support.DefaultListableBeanFactory.resolveDependency(DefaultListableBeanFactory.java:1300)
	at org.springframework.beans.factory.annotation.AutowiredAnnotationBeanPostProcessor$AutowiredFieldElement.inject(AutowiredAnnotationBeanPostProcessor.java:640)
	... 25 common frames omitted
Caused by: org.springframework.beans.factory.BeanCreationException: Error creating bean with name 'treePicRepository' defined in com.suda.tree.dao.TreePicRepository defined in @EnableMongoRepositories declared on MongoRepositoriesRegistrar.EnableMongoRepositoriesConfiguration: Invocation of init method failed; nested exception is org.springframework.data.mapping.PropertyReferenceException: No property update found for type TreePicture!
	at org.springframework.beans.factory.support.AbstractAutowireCapableBeanFactory.initializeBean(AbstractAutowireCapableBeanFactory.java:1788)
	at org.springframework.beans.factory.support.AbstractAutowireCapableBeanFactory.doCreateBean(AbstractAutowireCapableBeanFactory.java:609)
	at org.springframework.beans.factory.support.AbstractAutowireCapableBeanFactory.createBean(AbstractAutowireCapableBeanFactory.java:531)
	at org.springframework.beans.factory.support.AbstractBeanFactory.lambda$doGetBean$0(AbstractBeanFactory.java:335)
	at org.springframework.beans.factory.support.DefaultSingletonBeanRegistry.getSingleton(DefaultSingletonBeanRegistry.java:234)
	at org.springframework.beans.factory.support.AbstractBeanFactory.doGetBean(AbstractBeanFactory.java:333)
	at org.springframework.beans.factory.support.AbstractBeanFactory.getBean(AbstractBeanFactory.java:208)
	at org.springframework.beans.factory.config.DependencyDescriptor.resolveCandidate(DependencyDescriptor.java:276)
	at org.springframework.beans.factory.support.DefaultListableBeanFactory.doResolveDependency(DefaultListableBeanFactory.java:1380)
	at org.springframework.beans.factory.support.DefaultListableBeanFactory.resolveDependency(DefaultListableBeanFactory.java:1300)
	at org.springframework.beans.factory.annotation.AutowiredAnnotationBeanPostProcessor$AutowiredFieldElement.inject(AutowiredAnnotationBeanPostProcessor.java:640)
	... 38 common frames omitted
Caused by: org.springframework.data.mapping.PropertyReferenceException: No property update found for type TreePicture!
	at org.springframework.data.mapping.PropertyPath.<init>(PropertyPath.java:90)
	at org.springframework.data.mapping.PropertyPath.create(PropertyPath.java:437)
	at org.springframework.data.mapping.PropertyPath.create(PropertyPath.java:413)
	at org.springframework.data.mapping.PropertyPath.lambda$from$0(PropertyPath.java:366)
	at java.base/java.util.concurrent.ConcurrentMap.computeIfAbsent(ConcurrentMap.java:330)
	at org.springframework.data.mapping.PropertyPath.from(PropertyPath.java:348)
	at org.springframework.data.mapping.PropertyPath.from(PropertyPath.java:331)
	at org.springframework.data.repository.query.parser.Part.<init>(Part.java:81)
	at org.springframework.data.repository.query.parser.PartTree$OrPart.lambda$new$0(PartTree.java:249)
	at java.base/java.util.stream.ReferencePipeline$3$1.accept(ReferencePipeline.java:195)
	at java.base/java.util.stream.ReferencePipeline$2$1.accept(ReferencePipeline.java:177)
	at java.base/java.util.Spliterators$ArraySpliterator.forEachRemaining(Spliterators.java:948)
	at java.base/java.util.stream.AbstractPipeline.copyInto(AbstractPipeline.java:484)
	at java.base/java.util.stream.AbstractPipeline.wrapAndCopyInto(AbstractPipeline.java:474)
	at java.base/java.util.stream.ReduceOps$ReduceOp.evaluateSequential(ReduceOps.java:913)
	at java.base/java.util.stream.AbstractPipeline.evaluate(AbstractPipeline.java:234)
	at java.base/java.util.stream.ReferencePipeline.collect(ReferencePipeline.java:578)
	at org.springframework.data.repository.query.parser.PartTree$OrPart.<init>(PartTree.java:250)
	at org.springframework.data.repository.query.parser.PartTree$Predicate.lambda$new$0(PartTree.java:383)
	at java.base/java.util.stream.ReferencePipeline$3$1.accept(ReferencePipeline.java:195)
	at java.base/java.util.stream.ReferencePipeline$2$1.accept(ReferencePipeline.java:177)
	at java.base/java.util.Spliterators$ArraySpliterator.forEachRemaining(Spliterators.java:948)
	at java.base/java.util.stream.AbstractPipeline.copyInto(AbstractPipeline.java:484)
	at java.base/java.util.stream.AbstractPipeline.wrapAndCopyInto(AbstractPipeline.java:474)
	at java.base/java.util.stream.ReduceOps$ReduceOp.evaluateSequential(ReduceOps.java:913)
	at java.base/java.util.stream.AbstractPipeline.evaluate(AbstractPipeline.java:234)
	at java.base/java.util.stream.ReferencePipeline.collect(ReferencePipeline.java:578)
	at org.springframework.data.repository.query.parser.PartTree$Predicate.<init>(PartTree.java:384)
	at org.springframework.data.repository.query.parser.PartTree.<init>(PartTree.java:92)
	at org.springframework.data.mongodb.repository.query.PartTreeMongoQuery.<init>(PartTreeMongoQuery.java:67)
	at org.springframework.data.mongodb.repository.support.MongoRepositoryFactory$MongoQueryLookupStrategy.resolveQuery(MongoRepositoryFactory.java:198)
	at org.springframework.data.repository.core.support.QueryExecutorMethodInterceptor.lookupQuery(QueryExecutorMethodInterceptor.java:100)
	at org.springframework.data.repository.core.support.QueryExecutorMethodInterceptor.lambda$mapMethodsToQuery$1(QueryExecutorMethodInterceptor.java:93)
	at java.base/java.util.stream.ReferencePipeline$3$1.accept(ReferencePipeline.java:195)
	at java.base/java.util.Iterator.forEachRemaining(Iterator.java:133)
	at java.base/java.util.Collections$UnmodifiableCollection$1.forEachRemaining(Collections.java:1056)
	at java.base/java.util.Spliterators$IteratorSpliterator.forEachRemaining(Spliterators.java:1801)
	at java.base/java.util.stream.AbstractPipeline.copyInto(AbstractPipeline.java:484)
	at java.base/java.util.stream.AbstractPipeline.wrapAndCopyInto(AbstractPipeline.java:474)
	at java.base/java.util.stream.ReduceOps$ReduceOp.evaluateSequential(ReduceOps.java:913)
	at java.base/java.util.stream.AbstractPipeline.evaluate(AbstractPipeline.java:234)
	at java.base/java.util.stream.ReferencePipeline.collect(ReferencePipeline.java:578)
	at org.springframework.data.repository.core.support.QueryExecutorMethodInterceptor.mapMethodsToQuery(QueryExecutorMethodInterceptor.java:95)
	at org.springframework.data.repository.core.support.QueryExecutorMethodInterceptor.lambda$new$0(QueryExecutorMethodInterceptor.java:85)
	at java.base/java.util.Optional.map(Optional.java:258)
	at org.springframework.data.repository.core.support.QueryExecutorMethodInterceptor.<init>(QueryExecutorMethodInterceptor.java:85)
	at org.springframework.data.repository.core.support.RepositoryFactorySupport.getRepository(RepositoryFactorySupport.java:303)
	at org.springframework.data.repository.core.support.RepositoryFactoryBeanSupport.lambda$afterPropertiesSet$6(RepositoryFactoryBeanSupport.java:326)
	at org.springframework.data.util.Lazy.getNullable(Lazy.java:230)
	at org.springframework.data.util.Lazy.get(Lazy.java:114)
	at org.springframework.data.repository.core.support.RepositoryFactoryBeanSupport.afterPropertiesSet(RepositoryFactoryBeanSupport.java:329)
	at org.springframework.data.mongodb.repository.support.MongoRepositoryFactoryBean.afterPropertiesSet(MongoRepositoryFactoryBean.java:119)
	at org.springframework.beans.factory.support.AbstractAutowireCapableBeanFactory.invokeInitMethods(AbstractAutowireCapableBeanFactory.java:1847)
	at org.springframework.beans.factory.support.AbstractAutowireCapableBeanFactory.initializeBean(AbstractAutowireCapableBeanFactory.java:1784)
	... 48 common frames omitted
2021-02-03 15:11:41 [restartedMain] WARN  o.s.b.w.s.c.AnnotationConfigServletWebServerApplicationContext - Exception encountered during context initialization - cancelling refresh attempt: org.springframework.beans.factory.UnsatisfiedDependencyException: Error creating bean with name 'testController': Unsatisfied dependency expressed through field 'treePicService'; nested exception is org.springframework.beans.factory.UnsatisfiedDependencyException: Error creating bean with name 'treePicServiceImpl': Unsatisfied dependency expressed through field 'treePicRepository'; nested exception is org.springframework.beans.factory.BeanCreationException: Error creating bean with name 'treePicRepository' defined in com.suda.tree.dao.TreePicRepository defined in @EnableMongoRepositories declared on MongoRepositoriesRegistrar.EnableMongoRepositoriesConfiguration: Invocation of init method failed; nested exception is org.springframework.data.mapping.PropertyReferenceException: No property update found for type TreePicture!
2021-02-03 15:11:41 [restartedMain] ERROR org.springframework.boot.SpringApplication - Application run failed
org.springframework.beans.factory.UnsatisfiedDependencyException: Error creating bean with name 'testController': Unsatisfied dependency expressed through field 'treePicService'; nested exception is org.springframework.beans.factory.UnsatisfiedDependencyException: Error creating bean with name 'treePicServiceImpl': Unsatisfied dependency expressed through field 'treePicRepository'; nested exception is org.springframework.beans.factory.BeanCreationException: Error creating bean with name 'treePicRepository' defined in com.suda.tree.dao.TreePicRepository defined in @EnableMongoRepositories declared on MongoRepositoriesRegistrar.EnableMongoRepositoriesConfiguration: Invocation of init method failed; nested exception is org.springframework.data.mapping.PropertyReferenceException: No property update found for type TreePicture!
	at org.springframework.beans.factory.annotation.AutowiredAnnotationBeanPostProcessor$AutowiredFieldElement.inject(AutowiredAnnotationBeanPostProcessor.java:643)
	at org.springframework.beans.factory.annotation.InjectionMetadata.inject(InjectionMetadata.java:119)
	at org.springframework.beans.factory.annotation.AutowiredAnnotationBeanPostProcessor.postProcessProperties(AutowiredAnnotationBeanPostProcessor.java:399)
	at org.springframework.beans.factory.support.AbstractAutowireCapableBeanFactory.populateBean(AbstractAutowireCapableBeanFactory.java:1415)
	at org.springframework.beans.factory.support.AbstractAutowireCapableBeanFactory.doCreateBean(AbstractAutowireCapableBeanFactory.java:608)
	at org.springframework.beans.factory.support.AbstractAutowireCapableBeanFactory.createBean(AbstractAutowireCapableBeanFactory.java:531)
	at org.springframework.beans.factory.support.AbstractBeanFactory.lambda$doGetBean$0(AbstractBeanFactory.java:335)
	at org.springframework.beans.factory.support.DefaultSingletonBeanRegistry.getSingleton(DefaultSingletonBeanRegistry.java:234)
	at org.springframework.beans.factory.support.AbstractBeanFactory.doGetBean(AbstractBeanFactory.java:333)
	at org.springframework.beans.factory.support.AbstractBeanFactory.getBean(AbstractBeanFactory.java:208)
	at org.springframework.beans.factory.support.DefaultListableBeanFactory.preInstantiateSingletons(DefaultListableBeanFactory.java:944)
	at org.springframework.context.support.AbstractApplicationContext.finishBeanFactoryInitialization(AbstractApplicationContext.java:923)
	at org.springframework.context.support.AbstractApplicationContext.refresh(AbstractApplicationContext.java:588)
	at org.springframework.boot.web.servlet.context.ServletWebServerApplicationContext.refresh(ServletWebServerApplicationContext.java:144)
	at org.springframework.boot.SpringApplication.refresh(SpringApplication.java:767)
	at org.springframework.boot.SpringApplication.refresh(SpringApplication.java:759)
	at org.springframework.boot.SpringApplication.refreshContext(SpringApplication.java:426)
	at org.springframework.boot.SpringApplication.run(SpringApplication.java:326)
	at org.springframework.boot.SpringApplication.run(SpringApplication.java:1311)
	at org.springframework.boot.SpringApplication.run(SpringApplication.java:1300)
	at com.suda.tree.TreeApplication.main(TreeApplication.java:10)
	at java.base/jdk.internal.reflect.NativeMethodAccessorImpl.invoke0(Native Method)
	at java.base/jdk.internal.reflect.NativeMethodAccessorImpl.invoke(NativeMethodAccessorImpl.java:64)
	at java.base/jdk.internal.reflect.DelegatingMethodAccessorImpl.invoke(DelegatingMethodAccessorImpl.java:43)
	at java.base/java.lang.reflect.Method.invoke(Method.java:564)
	at org.springframework.boot.devtools.restart.RestartLauncher.run(RestartLauncher.java:49)
Caused by: org.springframework.beans.factory.UnsatisfiedDependencyException: Error creating bean with name 'treePicServiceImpl': Unsatisfied dependency expressed through field 'treePicRepository'; nested exception is org.springframework.beans.factory.BeanCreationException: Error creating bean with name 'treePicRepository' defined in com.suda.tree.dao.TreePicRepository defined in @EnableMongoRepositories declared on MongoRepositoriesRegistrar.EnableMongoRepositoriesConfiguration: Invocation of init method failed; nested exception is org.springframework.data.mapping.PropertyReferenceException: No property update found for type TreePicture!
	at org.springframework.beans.factory.annotation.AutowiredAnnotationBeanPostProcessor$AutowiredFieldElement.inject(AutowiredAnnotationBeanPostProcessor.java:643)
	at org.springframework.beans.factory.annotation.InjectionMetadata.inject(InjectionMetadata.java:119)
	at org.springframework.beans.factory.annotation.AutowiredAnnotationBeanPostProcessor.postProcessProperties(AutowiredAnnotationBeanPostProcessor.java:399)
	at org.springframework.beans.factory.support.AbstractAutowireCapableBeanFactory.populateBean(AbstractAutowireCapableBeanFactory.java:1415)
	at org.springframework.beans.factory.support.AbstractAutowireCapableBeanFactory.doCreateBean(AbstractAutowireCapableBeanFactory.java:608)
	at org.springframework.beans.factory.support.AbstractAutowireCapableBeanFactory.createBean(AbstractAutowireCapableBeanFactory.java:531)
	at org.springframework.beans.factory.support.AbstractBeanFactory.lambda$doGetBean$0(AbstractBeanFactory.java:335)
	at org.springframework.beans.factory.support.DefaultSingletonBeanRegistry.getSingleton(DefaultSingletonBeanRegistry.java:234)
	at org.springframework.beans.factory.support.AbstractBeanFactory.doGetBean(AbstractBeanFactory.java:333)
	at org.springframework.beans.factory.support.AbstractBeanFactory.getBean(AbstractBeanFactory.java:208)
	at org.springframework.beans.factory.config.DependencyDescriptor.resolveCandidate(DependencyDescriptor.java:276)
	at org.springframework.beans.factory.support.DefaultListableBeanFactory.doResolveDependency(DefaultListableBeanFactory.java:1380)
	at org.springframework.beans.factory.support.DefaultListableBeanFactory.resolveDependency(DefaultListableBeanFactory.java:1300)
	at org.springframework.beans.factory.annotation.AutowiredAnnotationBeanPostProcessor$AutowiredFieldElement.inject(AutowiredAnnotationBeanPostProcessor.java:640)
	... 25 common frames omitted
Caused by: org.springframework.beans.factory.BeanCreationException: Error creating bean with name 'treePicRepository' defined in com.suda.tree.dao.TreePicRepository defined in @EnableMongoRepositories declared on MongoRepositoriesRegistrar.EnableMongoRepositoriesConfiguration: Invocation of init method failed; nested exception is org.springframework.data.mapping.PropertyReferenceException: No property update found for type TreePicture!
	at org.springframework.beans.factory.support.AbstractAutowireCapableBeanFactory.initializeBean(AbstractAutowireCapableBeanFactory.java:1788)
	at org.springframework.beans.factory.support.AbstractAutowireCapableBeanFactory.doCreateBean(AbstractAutowireCapableBeanFactory.java:609)
	at org.springframework.beans.factory.support.AbstractAutowireCapableBeanFactory.createBean(AbstractAutowireCapableBeanFactory.java:531)
	at org.springframework.beans.factory.support.AbstractBeanFactory.lambda$doGetBean$0(AbstractBeanFactory.java:335)
	at org.springframework.beans.factory.support.DefaultSingletonBeanRegistry.getSingleton(DefaultSingletonBeanRegistry.java:234)
	at org.springframework.beans.factory.support.AbstractBeanFactory.doGetBean(AbstractBeanFactory.java:333)
	at org.springframework.beans.factory.support.AbstractBeanFactory.getBean(AbstractBeanFactory.java:208)
	at org.springframework.beans.factory.config.DependencyDescriptor.resolveCandidate(DependencyDescriptor.java:276)
	at org.springframework.beans.factory.support.DefaultListableBeanFactory.doResolveDependency(DefaultListableBeanFactory.java:1380)
	at org.springframework.beans.factory.support.DefaultListableBeanFactory.resolveDependency(DefaultListableBeanFactory.java:1300)
	at org.springframework.beans.factory.annotation.AutowiredAnnotationBeanPostProcessor$AutowiredFieldElement.inject(AutowiredAnnotationBeanPostProcessor.java:640)
	... 38 common frames omitted
Caused by: org.springframework.data.mapping.PropertyReferenceException: No property update found for type TreePicture!
	at org.springframework.data.mapping.PropertyPath.<init>(PropertyPath.java:90)
	at org.springframework.data.mapping.PropertyPath.create(PropertyPath.java:437)
	at org.springframework.data.mapping.PropertyPath.create(PropertyPath.java:413)
	at org.springframework.data.mapping.PropertyPath.lambda$from$0(PropertyPath.java:366)
	at java.base/java.util.concurrent.ConcurrentMap.computeIfAbsent(ConcurrentMap.java:330)
	at org.springframework.data.mapping.PropertyPath.from(PropertyPath.java:348)
	at org.springframework.data.mapping.PropertyPath.from(PropertyPath.java:331)
	at org.springframework.data.repository.query.parser.Part.<init>(Part.java:81)
	at org.springframework.data.repository.query.parser.PartTree$OrPart.lambda$new$0(PartTree.java:249)
	at java.base/java.util.stream.ReferencePipeline$3$1.accept(ReferencePipeline.java:195)
	at java.base/java.util.stream.ReferencePipeline$2$1.accept(ReferencePipeline.java:177)
	at java.base/java.util.Spliterators$ArraySpliterator.forEachRemaining(Spliterators.java:948)
	at java.base/java.util.stream.AbstractPipeline.copyInto(AbstractPipeline.java:484)
	at java.base/java.util.stream.AbstractPipeline.wrapAndCopyInto(AbstractPipeline.java:474)
	at java.base/java.util.stream.ReduceOps$ReduceOp.evaluateSequential(ReduceOps.java:913)
	at java.base/java.util.stream.AbstractPipeline.evaluate(AbstractPipeline.java:234)
	at java.base/java.util.stream.ReferencePipeline.collect(ReferencePipeline.java:578)
	at org.springframework.data.repository.query.parser.PartTree$OrPart.<init>(PartTree.java:250)
	at org.springframework.data.repository.query.parser.PartTree$Predicate.lambda$new$0(PartTree.java:383)
	at java.base/java.util.stream.ReferencePipeline$3$1.accept(ReferencePipeline.java:195)
	at java.base/java.util.stream.ReferencePipeline$2$1.accept(ReferencePipeline.java:177)
	at java.base/java.util.Spliterators$ArraySpliterator.forEachRemaining(Spliterators.java:948)
	at java.base/java.util.stream.AbstractPipeline.copyInto(AbstractPipeline.java:484)
	at java.base/java.util.stream.AbstractPipeline.wrapAndCopyInto(AbstractPipeline.java:474)
	at java.base/java.util.stream.ReduceOps$ReduceOp.evaluateSequential(ReduceOps.java:913)
	at java.base/java.util.stream.AbstractPipeline.evaluate(AbstractPipeline.java:234)
	at java.base/java.util.stream.ReferencePipeline.collect(ReferencePipeline.java:578)
	at org.springframework.data.repository.query.parser.PartTree$Predicate.<init>(PartTree.java:384)
	at org.springframework.data.repository.query.parser.PartTree.<init>(PartTree.java:92)
	at org.springframework.data.mongodb.repository.query.PartTreeMongoQuery.<init>(PartTreeMongoQuery.java:67)
	at org.springframework.data.mongodb.repository.support.MongoRepositoryFactory$MongoQueryLookupStrategy.resolveQuery(MongoRepositoryFactory.java:198)
	at org.springframework.data.repository.core.support.QueryExecutorMethodInterceptor.lookupQuery(QueryExecutorMethodInterceptor.java:100)
	at org.springframework.data.repository.core.support.QueryExecutorMethodInterceptor.lambda$mapMethodsToQuery$1(QueryExecutorMethodInterceptor.java:93)
	at java.base/java.util.stream.ReferencePipeline$3$1.accept(ReferencePipeline.java:195)
	at java.base/java.util.Iterator.forEachRemaining(Iterator.java:133)
	at java.base/java.util.Collections$UnmodifiableCollection$1.forEachRemaining(Collections.java:1056)
	at java.base/java.util.Spliterators$IteratorSpliterator.forEachRemaining(Spliterators.java:1801)
	at java.base/java.util.stream.AbstractPipeline.copyInto(AbstractPipeline.java:484)
	at java.base/java.util.stream.AbstractPipeline.wrapAndCopyInto(AbstractPipeline.java:474)
	at java.base/java.util.stream.ReduceOps$ReduceOp.evaluateSequential(ReduceOps.java:913)
	at java.base/java.util.stream.AbstractPipeline.evaluate(AbstractPipeline.java:234)
	at java.base/java.util.stream.ReferencePipeline.collect(ReferencePipeline.java:578)
	at org.springframework.data.repository.core.support.QueryExecutorMethodInterceptor.mapMethodsToQuery(QueryExecutorMethodInterceptor.java:95)
	at org.springframework.data.repository.core.support.QueryExecutorMethodInterceptor.lambda$new$0(QueryExecutorMethodInterceptor.java:85)
	at java.base/java.util.Optional.map(Optional.java:258)
	at org.springframework.data.repository.core.support.QueryExecutorMethodInterceptor.<init>(QueryExecutorMethodInterceptor.java:85)
	at org.springframework.data.repository.core.support.RepositoryFactorySupport.getRepository(RepositoryFactorySupport.java:303)
	at org.springframework.data.repository.core.support.RepositoryFactoryBeanSupport.lambda$afterPropertiesSet$6(RepositoryFactoryBeanSupport.java:326)
	at org.springframework.data.util.Lazy.getNullable(Lazy.java:230)
	at org.springframework.data.util.Lazy.get(Lazy.java:114)
	at org.springframework.data.repository.core.support.RepositoryFactoryBeanSupport.afterPropertiesSet(RepositoryFactoryBeanSupport.java:329)
	at org.springframework.data.mongodb.repository.support.MongoRepositoryFactoryBean.afterPropertiesSet(MongoRepositoryFactoryBean.java:119)
	at org.springframework.beans.factory.support.AbstractAutowireCapableBeanFactory.invokeInitMethods(AbstractAutowireCapableBeanFactory.java:1847)
	at org.springframework.beans.factory.support.AbstractAutowireCapableBeanFactory.initializeBean(AbstractAutowireCapableBeanFactory.java:1784)
	... 48 common frames omitted
2021-02-03 15:17:16 [restartedMain] WARN  o.s.b.a.o.j.JpaBaseConfiguration$JpaWebConfiguration - spring.jpa.open-in-view is enabled by default. Therefore, database queries may be performed during view rendering. Explicitly configure spring.jpa.open-in-view to disable this warning
2021-02-03 15:21:46 [restartedMain] WARN  o.s.b.a.o.j.JpaBaseConfiguration$JpaWebConfiguration - spring.jpa.open-in-view is enabled by default. Therefore, database queries may be performed during view rendering. Explicitly configure spring.jpa.open-in-view to disable this warning
2021-02-03 15:22:48 [restartedMain] WARN  o.s.d.m.core.mapping.BasicMongoPersistentProperty - Customizing field name for id property 'com.suda.tree.entity.mongo.TreePicture.tree_id' is not allowed! Custom name ('tree_id') will not be considered!
2021-02-03 15:22:49 [restartedMain] WARN  o.s.b.a.o.j.JpaBaseConfiguration$JpaWebConfiguration - spring.jpa.open-in-view is enabled by default. Therefore, database queries may be performed during view rendering. Explicitly configure spring.jpa.open-in-view to disable this warning
2021-02-03 15:22:53 [restartedMain] WARN  o.s.d.m.core.mapping.BasicMongoPersistentProperty - Customizing field name for id property 'com.suda.tree.entity.mongo.TreePicture.tree_id' is not allowed! Custom name ('tree_id') will not be considered!
2021-02-03 15:22:54 [restartedMain] WARN  o.s.b.a.o.j.JpaBaseConfiguration$JpaWebConfiguration - spring.jpa.open-in-view is enabled by default. Therefore, database queries may be performed during view rendering. Explicitly configure spring.jpa.open-in-view to disable this warning
2021-02-03 15:23:17 [http-nio-2998-exec-5] ERROR com.suda.tree.exception.GlobalExceptionHandler - [/test/pic]：E11000 duplicate key error collection: tree.treePicture index: _id_ dup key: { _id: 12334 }; nested exception is com.mongodb.MongoWriteException: E11000 duplicate key error collection: tree.treePicture index: _id_ dup key: { _id: 12334 }
2021-02-03 15:23:17 [http-nio-2998-exec-5] WARN  o.s.w.s.m.m.a.ExceptionHandlerExceptionResolver - Resolved [org.springframework.dao.DuplicateKeyException: E11000 duplicate key error collection: tree.treePicture index: _id_ dup key: { _id: 12334 }; nested exception is com.mongodb.MongoWriteException: E11000 duplicate key error collection: tree.treePicture index: _id_ dup key: { _id: 12334 }]
2021-02-03 15:28:45 [restartedMain] WARN  o.s.d.m.core.mapping.BasicMongoPersistentProperty - Customizing field name for id property 'com.suda.tree.entity.mongo.TreePicture.tree_id' is not allowed! Custom name ('tree_id') will not be considered!
2021-02-03 15:28:46 [restartedMain] WARN  o.s.b.a.o.j.JpaBaseConfiguration$JpaWebConfiguration - spring.jpa.open-in-view is enabled by default. Therefore, database queries may be performed during view rendering. Explicitly configure spring.jpa.open-in-view to disable this warning
2021-02-03 15:29:10 [http-nio-2998-exec-2] ERROR com.suda.tree.exception.GlobalExceptionHandler - [/test/pic]：No property tree found for type TreePicture!
2021-02-03 15:29:10 [http-nio-2998-exec-2] WARN  o.s.w.s.m.m.a.ExceptionHandlerExceptionResolver - Resolved [org.springframework.data.mapping.PropertyReferenceException: No property tree found for type TreePicture!]
2021-02-03 15:29:31 [http-nio-2998-exec-4] ERROR com.suda.tree.exception.GlobalExceptionHandler - [/test/pic]：No property tree found for type TreePicture!
2021-02-03 15:29:31 [http-nio-2998-exec-4] WARN  o.s.w.s.m.m.a.ExceptionHandlerExceptionResolver - Resolved [org.springframework.data.mapping.PropertyReferenceException: No property tree found for type TreePicture!]
2021-02-03 15:29:33 [http-nio-2998-exec-7] ERROR com.suda.tree.exception.GlobalExceptionHandler - [/test/pic]：No property tree found for type TreePicture!
2021-02-03 15:29:33 [http-nio-2998-exec-7] WARN  o.s.w.s.m.m.a.ExceptionHandlerExceptionResolver - Resolved [org.springframework.data.mapping.PropertyReferenceException: No property tree found for type TreePicture!]
2021-02-03 15:29:33 [http-nio-2998-exec-10] ERROR com.suda.tree.exception.GlobalExceptionHandler - [/test/pic]：No property tree found for type TreePicture!
2021-02-03 15:29:33 [http-nio-2998-exec-10] WARN  o.s.w.s.m.m.a.ExceptionHandlerExceptionResolver - Resolved [org.springframework.data.mapping.PropertyReferenceException: No property tree found for type TreePicture!]
2021-02-03 15:29:34 [http-nio-2998-exec-3] ERROR com.suda.tree.exception.GlobalExceptionHandler - [/test/pic]：No property tree found for type TreePicture!
2021-02-03 15:29:34 [http-nio-2998-exec-3] WARN  o.s.w.s.m.m.a.ExceptionHandlerExceptionResolver - Resolved [org.springframework.data.mapping.PropertyReferenceException: No property tree found for type TreePicture!]
2021-02-03 15:29:35 [http-nio-2998-exec-6] ERROR com.suda.tree.exception.GlobalExceptionHandler - [/test/pic]：No property tree found for type TreePicture!
2021-02-03 15:29:35 [http-nio-2998-exec-6] WARN  o.s.w.s.m.m.a.ExceptionHandlerExceptionResolver - Resolved [org.springframework.data.mapping.PropertyReferenceException: No property tree found for type TreePicture!]
2021-02-03 15:29:35 [http-nio-2998-exec-9] ERROR com.suda.tree.exception.GlobalExceptionHandler - [/test/pic]：No property tree found for type TreePicture!
2021-02-03 15:29:35 [http-nio-2998-exec-9] WARN  o.s.w.s.m.m.a.ExceptionHandlerExceptionResolver - Resolved [org.springframework.data.mapping.PropertyReferenceException: No property tree found for type TreePicture!]
2021-02-03 15:29:35 [http-nio-2998-exec-2] ERROR com.suda.tree.exception.GlobalExceptionHandler - [/test/pic]：No property tree found for type TreePicture!
2021-02-03 15:29:35 [http-nio-2998-exec-2] WARN  o.s.w.s.m.m.a.ExceptionHandlerExceptionResolver - Resolved [org.springframework.data.mapping.PropertyReferenceException: No property tree found for type TreePicture!]
2021-02-03 15:29:57 [restartedMain] WARN  o.s.d.m.core.mapping.BasicMongoPersistentProperty - Customizing field name for id property 'com.suda.tree.entity.mongo.TreePicture.tree_id' is not allowed! Custom name ('tree_id') will not be considered!
2021-02-03 15:29:58 [restartedMain] WARN  o.s.b.a.o.j.JpaBaseConfiguration$JpaWebConfiguration - spring.jpa.open-in-view is enabled by default. Therefore, database queries may be performed during view rendering. Explicitly configure spring.jpa.open-in-view to disable this warning
2021-02-03 15:31:45 [http-nio-2998-exec-2] ERROR com.suda.tree.exception.GlobalExceptionHandler - [/test/pic]：No property tree found for type TreePicture!
2021-02-03 15:31:45 [http-nio-2998-exec-2] WARN  o.s.w.s.m.m.a.ExceptionHandlerExceptionResolver - Resolved [org.springframework.data.mapping.PropertyReferenceException: No property tree found for type TreePicture!]
2021-02-03 15:32:28 [restartedMain] WARN  o.s.d.m.core.mapping.BasicMongoPersistentProperty - Customizing field name for id property 'com.suda.tree.entity.mongo.TreePicture.tree_id' is not allowed! Custom name ('tree_id') will not be considered!
2021-02-03 15:32:28 [restartedMain] WARN  o.s.b.a.o.j.JpaBaseConfiguration$JpaWebConfiguration - spring.jpa.open-in-view is enabled by default. Therefore, database queries may be performed during view rendering. Explicitly configure spring.jpa.open-in-view to disable this warning
2021-02-03 15:32:42 [http-nio-2998-exec-5] ERROR com.suda.tree.exception.GlobalExceptionHandler - [/test/pic]：No property tree found for type TreePicture!
2021-02-03 15:32:42 [http-nio-2998-exec-5] WARN  o.s.w.s.m.m.a.ExceptionHandlerExceptionResolver - Resolved [org.springframework.data.mapping.PropertyReferenceException: No property tree found for type TreePicture!]
2021-02-03 15:33:48 [restartedMain] WARN  o.s.d.m.core.mapping.BasicMongoPersistentProperty - Customizing field name for id property 'com.suda.tree.entity.mongo.TreePicture.tree_id' is not allowed! Custom name ('tree_id') will not be considered!
2021-02-03 15:33:49 [restartedMain] WARN  o.s.b.a.o.j.JpaBaseConfiguration$JpaWebConfiguration - spring.jpa.open-in-view is enabled by default. Therefore, database queries may be performed during view rendering. Explicitly configure spring.jpa.open-in-view to disable this warning
2021-02-03 15:33:56 [http-nio-2998-exec-2] ERROR com.suda.tree.exception.GlobalExceptionHandler - [/test/pic]：No property tree found for type TreePicture!
2021-02-03 15:33:56 [http-nio-2998-exec-2] WARN  o.s.w.s.m.m.a.ExceptionHandlerExceptionResolver - Resolved [org.springframework.data.mapping.PropertyReferenceException: No property tree found for type TreePicture!]
2021-02-03 15:35:28 [restartedMain] WARN  o.s.d.m.core.mapping.BasicMongoPersistentProperty - Customizing field name for id property 'com.suda.tree.entity.mongo.TreePicture.tree_id' is not allowed! Custom name ('tree_id') will not be considered!
2021-02-03 15:35:29 [restartedMain] WARN  o.s.b.a.o.j.JpaBaseConfiguration$JpaWebConfiguration - spring.jpa.open-in-view is enabled by default. Therefore, database queries may be performed during view rendering. Explicitly configure spring.jpa.open-in-view to disable this warning
2021-02-03 15:35:46 [http-nio-2998-exec-1] ERROR com.suda.tree.exception.GlobalExceptionHandler - [/test/pic]：No property tree found for type TreePicture!
2021-02-03 15:35:46 [http-nio-2998-exec-1] WARN  o.s.w.s.m.m.a.ExceptionHandlerExceptionResolver - Resolved [org.springframework.data.mapping.PropertyReferenceException: No property tree found for type TreePicture!]
2021-02-03 15:46:23 [restartedMain] WARN  o.s.d.m.core.mapping.BasicMongoPersistentProperty - Customizing field name for id property 'com.suda.tree.entity.mongo.TreePicture.tree_id' is not allowed! Custom name ('tree_id') will not be considered!
2021-02-03 15:46:24 [restartedMain] WARN  o.s.b.a.o.j.JpaBaseConfiguration$JpaWebConfiguration - spring.jpa.open-in-view is enabled by default. Therefore, database queries may be performed during view rendering. Explicitly configure spring.jpa.open-in-view to disable this warning
2021-02-03 15:46:30 [http-nio-2998-exec-2] ERROR com.suda.tree.exception.GlobalExceptionHandler - [/test/pic]：No property tree found for type TreePicture!
2021-02-03 15:46:30 [http-nio-2998-exec-2] WARN  o.s.w.s.m.m.a.ExceptionHandlerExceptionResolver - Resolved [org.springframework.data.mapping.PropertyReferenceException: No property tree found for type TreePicture!]
2021-02-03 15:46:31 [http-nio-2998-exec-5] ERROR com.suda.tree.exception.GlobalExceptionHandler - [/test/pic]：No property tree found for type TreePicture!
2021-02-03 15:46:31 [http-nio-2998-exec-5] WARN  o.s.w.s.m.m.a.ExceptionHandlerExceptionResolver - Resolved [org.springframework.data.mapping.PropertyReferenceException: No property tree found for type TreePicture!]
2021-02-03 15:46:33 [http-nio-2998-exec-9] ERROR com.suda.tree.exception.GlobalExceptionHandler - [/test/pic]：No property tree found for type TreePicture!
2021-02-03 15:46:33 [http-nio-2998-exec-9] WARN  o.s.w.s.m.m.a.ExceptionHandlerExceptionResolver - Resolved [org.springframework.data.mapping.PropertyReferenceException: No property tree found for type TreePicture!]
2021-02-03 15:46:33 [http-nio-2998-exec-1] ERROR com.suda.tree.exception.GlobalExceptionHandler - [/test/pic]：No property tree found for type TreePicture!
2021-02-03 15:46:33 [http-nio-2998-exec-1] WARN  o.s.w.s.m.m.a.ExceptionHandlerExceptionResolver - Resolved [org.springframework.data.mapping.PropertyReferenceException: No property tree found for type TreePicture!]
2021-02-03 15:46:34 [http-nio-2998-exec-4] ERROR com.suda.tree.exception.GlobalExceptionHandler - [/test/pic]：No property tree found for type TreePicture!
2021-02-03 15:46:34 [http-nio-2998-exec-4] WARN  o.s.w.s.m.m.a.ExceptionHandlerExceptionResolver - Resolved [org.springframework.data.mapping.PropertyReferenceException: No property tree found for type TreePicture!]
2021-02-03 15:47:53 [restartedMain] WARN  o.s.d.m.core.mapping.BasicMongoPersistentProperty - Customizing field name for id property 'com.suda.tree.entity.mongo.TreePicture.tree_id' is not allowed! Custom name ('tree_id') will not be considered!
2021-02-03 15:47:54 [restartedMain] WARN  o.s.b.a.o.j.JpaBaseConfiguration$JpaWebConfiguration - spring.jpa.open-in-view is enabled by default. Therefore, database queries may be performed during view rendering. Explicitly configure spring.jpa.open-in-view to disable this warning
2021-02-03 15:47:58 [http-nio-2998-exec-1] ERROR com.suda.tree.exception.GlobalExceptionHandler - [/test/pic]：No property tree found for type TreePicture!
2021-02-03 15:47:58 [http-nio-2998-exec-1] WARN  o.s.w.s.m.m.a.ExceptionHandlerExceptionResolver - Resolved [org.springframework.data.mapping.PropertyReferenceException: No property tree found for type TreePicture!]
2021-02-03 15:53:43 [restartedMain] WARN  o.s.d.m.core.mapping.BasicMongoPersistentProperty - Customizing field name for id property 'com.suda.tree.entity.mongo.TreePicture.tree_id' is not allowed! Custom name ('tree_id') will not be considered!
2021-02-03 15:53:44 [restartedMain] WARN  o.s.b.a.o.j.JpaBaseConfiguration$JpaWebConfiguration - spring.jpa.open-in-view is enabled by default. Therefore, database queries may be performed during view rendering. Explicitly configure spring.jpa.open-in-view to disable this warning
2021-02-03 15:53:52 [http-nio-2998-exec-1] ERROR com.suda.tree.exception.GlobalExceptionHandler - [/test/pic]：No property tree found for type TreePicture!
2021-02-03 15:53:52 [http-nio-2998-exec-1] WARN  o.s.w.s.m.m.a.ExceptionHandlerExceptionResolver - Resolved [org.springframework.data.mapping.PropertyReferenceException: No property tree found for type TreePicture!]
2021-02-03 15:56:07 [restartedMain] WARN  o.s.d.m.core.mapping.BasicMongoPersistentProperty - Customizing field name for id property 'com.suda.tree.entity.mongo.TreePicture.tree_id' is not allowed! Custom name ('tree_id') will not be considered!
2021-02-03 15:56:08 [restartedMain] WARN  o.s.b.a.o.j.JpaBaseConfiguration$JpaWebConfiguration - spring.jpa.open-in-view is enabled by default. Therefore, database queries may be performed during view rendering. Explicitly configure spring.jpa.open-in-view to disable this warning
2021-02-03 15:56:09 [http-nio-2998-exec-1] ERROR com.suda.tree.exception.GlobalExceptionHandler - [/test/pic]：No property tree found for type TreePicture!
2021-02-03 15:56:09 [http-nio-2998-exec-1] WARN  o.s.w.s.m.m.a.ExceptionHandlerExceptionResolver - Resolved [org.springframework.data.mapping.PropertyReferenceException: No property tree found for type TreePicture!]
2021-02-03 15:56:12 [http-nio-2998-exec-4] ERROR com.suda.tree.exception.GlobalExceptionHandler - [/test/pic]：No property tree found for type TreePicture!
2021-02-03 15:56:12 [http-nio-2998-exec-4] WARN  o.s.w.s.m.m.a.ExceptionHandlerExceptionResolver - Resolved [org.springframework.data.mapping.PropertyReferenceException: No property tree found for type TreePicture!]
2021-02-03 15:58:10 [restartedMain] WARN  o.s.d.m.core.mapping.BasicMongoPersistentProperty - Customizing field name for id property 'com.suda.tree.entity.mongo.TreePicture.treeId' is not allowed! Custom name ('tree_id') will not be considered!
2021-02-03 15:58:11 [restartedMain] WARN  o.s.b.a.o.j.JpaBaseConfiguration$JpaWebConfiguration - spring.jpa.open-in-view is enabled by default. Therefore, database queries may be performed during view rendering. Explicitly configure spring.jpa.open-in-view to disable this warning
2021-02-03 15:58:12 [restartedMain] WARN  o.s.b.w.s.c.AnnotationConfigServletWebServerApplicationContext - Exception encountered during context initialization - cancelling refresh attempt: org.springframework.context.ApplicationContextException: Failed to start bean 'webServerStartStop'; nested exception is org.springframework.boot.web.server.PortInUseException: Port 2998 is already in use
2021-02-03 15:58:12 [restartedMain] ERROR o.s.b.diagnostics.LoggingFailureAnalysisReporter - 

***************************
APPLICATION FAILED TO START
***************************

Description:

Web server failed to start. Port 2998 was already in use.

Action:

Identify and stop the process that's listening on port 2998 or configure this application to listen on another port.

2021-02-03 15:58:24 [restartedMain] WARN  o.s.d.m.core.mapping.BasicMongoPersistentProperty - Customizing field name for id property 'com.suda.tree.entity.mongo.TreePicture.treeId' is not allowed! Custom name ('tree_id') will not be considered!
2021-02-03 15:58:25 [restartedMain] WARN  o.s.b.a.o.j.JpaBaseConfiguration$JpaWebConfiguration - spring.jpa.open-in-view is enabled by default. Therefore, database queries may be performed during view rendering. Explicitly configure spring.jpa.open-in-view to disable this warning
2021-02-03 15:58:26 [restartedMain] WARN  o.s.b.w.s.c.AnnotationConfigServletWebServerApplicationContext - Exception encountered during context initialization - cancelling refresh attempt: org.springframework.context.ApplicationContextException: Failed to start bean 'webServerStartStop'; nested exception is org.springframework.boot.web.server.PortInUseException: Port 2998 is already in use
2021-02-03 15:58:26 [restartedMain] ERROR o.s.b.diagnostics.LoggingFailureAnalysisReporter - 

***************************
APPLICATION FAILED TO START
***************************

Description:

Web server failed to start. Port 2998 was already in use.

Action:

Identify and stop the process that's listening on port 2998 or configure this application to listen on another port.

2021-02-03 15:58:38 [restartedMain] WARN  o.s.d.m.core.mapping.BasicMongoPersistentProperty - Customizing field name for id property 'com.suda.tree.entity.mongo.TreePicture.treeId' is not allowed! Custom name ('tree_id') will not be considered!
2021-02-03 15:58:38 [restartedMain] WARN  o.s.b.a.o.j.JpaBaseConfiguration$JpaWebConfiguration - spring.jpa.open-in-view is enabled by default. Therefore, database queries may be performed during view rendering. Explicitly configure spring.jpa.open-in-view to disable this warning
2021-02-03 15:58:39 [restartedMain] WARN  o.s.b.w.s.c.AnnotationConfigServletWebServerApplicationContext - Exception encountered during context initialization - cancelling refresh attempt: org.springframework.context.ApplicationContextException: Failed to start bean 'webServerStartStop'; nested exception is org.springframework.boot.web.server.PortInUseException: Port 2998 is already in use
2021-02-03 15:58:39 [restartedMain] ERROR o.s.b.diagnostics.LoggingFailureAnalysisReporter - 

***************************
APPLICATION FAILED TO START
***************************

Description:

Web server failed to start. Port 2998 was already in use.

Action:

Identify and stop the process that's listening on port 2998 or configure this application to listen on another port.

2021-02-03 15:59:02 [restartedMain] WARN  o.s.d.m.core.mapping.BasicMongoPersistentProperty - Customizing field name for id property 'com.suda.tree.entity.mongo.TreePicture.treeId' is not allowed! Custom name ('tree_id') will not be considered!
2021-02-03 15:59:03 [restartedMain] WARN  o.s.b.a.o.j.JpaBaseConfiguration$JpaWebConfiguration - spring.jpa.open-in-view is enabled by default. Therefore, database queries may be performed during view rendering. Explicitly configure spring.jpa.open-in-view to disable this warning
2021-02-03 15:59:03 [restartedMain] WARN  o.s.b.w.s.c.AnnotationConfigServletWebServerApplicationContext - Exception encountered during context initialization - cancelling refresh attempt: org.springframework.context.ApplicationContextException: Failed to start bean 'webServerStartStop'; nested exception is org.springframework.boot.web.server.PortInUseException: Port 2999 is already in use
2021-02-03 15:59:04 [restartedMain] ERROR o.s.b.diagnostics.LoggingFailureAnalysisReporter - 

***************************
APPLICATION FAILED TO START
***************************

Description:

Web server failed to start. Port 2999 was already in use.

Action:

Identify and stop the process that's listening on port 2999 or configure this application to listen on another port.

2021-02-03 15:59:25 [restartedMain] WARN  o.s.d.m.core.mapping.BasicMongoPersistentProperty - Customizing field name for id property 'com.suda.tree.entity.mongo.TreePicture.treeId' is not allowed! Custom name ('tree_id') will not be considered!
2021-02-03 15:59:26 [restartedMain] WARN  o.s.b.a.o.j.JpaBaseConfiguration$JpaWebConfiguration - spring.jpa.open-in-view is enabled by default. Therefore, database queries may be performed during view rendering. Explicitly configure spring.jpa.open-in-view to disable this warning
2021-02-03 15:59:26 [restartedMain] WARN  o.s.b.w.s.c.AnnotationConfigServletWebServerApplicationContext - Exception encountered during context initialization - cancelling refresh attempt: org.springframework.context.ApplicationContextException: Failed to start bean 'webServerStartStop'; nested exception is org.springframework.boot.web.server.PortInUseException: Port 2999 is already in use
2021-02-03 15:59:27 [restartedMain] ERROR o.s.b.diagnostics.LoggingFailureAnalysisReporter - 

***************************
APPLICATION FAILED TO START
***************************

Description:

Web server failed to start. Port 2999 was already in use.

Action:

Identify and stop the process that's listening on port 2999 or configure this application to listen on another port.

2021-02-03 16:01:34 [restartedMain] WARN  o.s.d.m.core.mapping.BasicMongoPersistentProperty - Customizing field name for id property 'com.suda.tree.entity.mongo.TreePicture.treeId' is not allowed! Custom name ('tree_id') will not be considered!
2021-02-03 16:01:35 [restartedMain] WARN  o.s.b.a.o.j.JpaBaseConfiguration$JpaWebConfiguration - spring.jpa.open-in-view is enabled by default. Therefore, database queries may be performed during view rendering. Explicitly configure spring.jpa.open-in-view to disable this warning
2021-02-03 16:02:07 [http-nio-2399-exec-8] ERROR com.suda.tree.exception.GlobalExceptionHandler - [/test/pic]：添加失败
2021-02-03 16:02:07 [http-nio-2399-exec-8] WARN  o.s.w.s.m.m.a.ExceptionHandlerExceptionResolver - Resolved [java.lang.Exception: 添加失败]
2021-02-03 16:02:09 [http-nio-2399-exec-2] ERROR com.suda.tree.exception.GlobalExceptionHandler - [/test/pic]：添加失败
2021-02-03 16:02:09 [http-nio-2399-exec-2] WARN  o.s.w.s.m.m.a.ExceptionHandlerExceptionResolver - Resolved [java.lang.Exception: 添加失败]
2021-02-03 16:13:41 [restartedMain] WARN  o.s.d.m.core.mapping.BasicMongoPersistentProperty - Customizing field name for id property 'com.suda.tree.entity.mongo.TreePicture.treeId' is not allowed! Custom name ('tree_id') will not be considered!
2021-02-03 16:13:42 [restartedMain] WARN  o.s.b.a.o.j.JpaBaseConfiguration$JpaWebConfiguration - spring.jpa.open-in-view is enabled by default. Therefore, database queries may be performed during view rendering. Explicitly configure spring.jpa.open-in-view to disable this warning
2021-02-03 16:13:49 [http-nio-2399-exec-5] ERROR com.suda.tree.exception.GlobalExceptionHandler - [/test/pic]：添加失败
2021-02-03 16:13:49 [http-nio-2399-exec-5] WARN  o.s.w.s.m.m.a.ExceptionHandlerExceptionResolver - Resolved [java.lang.Exception: 添加失败]
2021-02-03 16:13:53 [http-nio-2399-exec-8] ERROR com.suda.tree.exception.GlobalExceptionHandler - [/test/pic]：添加失败
2021-02-03 16:13:53 [http-nio-2399-exec-8] WARN  o.s.w.s.m.m.a.ExceptionHandlerExceptionResolver - Resolved [java.lang.Exception: 添加失败]
2021-02-03 16:14:46 [http-nio-2399-exec-4] ERROR com.suda.tree.exception.GlobalExceptionHandler - [/test/pic]：添加失败
2021-02-03 16:14:46 [http-nio-2399-exec-4] WARN  o.s.w.s.m.m.a.ExceptionHandlerExceptionResolver - Resolved [java.lang.Exception: 添加失败]
2021-02-03 16:15:05 [http-nio-2399-exec-7] ERROR com.suda.tree.exception.GlobalExceptionHandler - [/test/pic]：The given id must not be null!; nested exception is java.lang.IllegalArgumentException: The given id must not be null!
2021-02-03 16:15:05 [http-nio-2399-exec-7] WARN  o.s.w.s.m.m.a.ExceptionHandlerExceptionResolver - Resolved [org.springframework.dao.InvalidDataAccessApiUsageException: The given id must not be null!; nested exception is java.lang.IllegalArgumentException: The given id must not be null!]
2021-02-03 16:27:56 [http-nio-2399-exec-10] ERROR com.suda.tree.exception.GlobalExceptionHandler - [/minio/upload]：Required Long parameter 'tree_id' is not present
2021-02-03 16:27:56 [http-nio-2399-exec-10] WARN  o.s.w.s.m.m.a.ExceptionHandlerExceptionResolver - Resolved [org.springframework.web.bind.MissingServletRequestParameterException: Required Long parameter 'tree_id' is not present]
2021-02-03 16:28:04 [http-nio-2399-exec-3] ERROR com.suda.tree.exception.GlobalExceptionHandler - [/minio/upload]：Required Long parameter 'tree_id' is not present
2021-02-03 16:28:04 [http-nio-2399-exec-3] WARN  o.s.w.s.m.m.a.ExceptionHandlerExceptionResolver - Resolved [org.springframework.web.bind.MissingServletRequestParameterException: Required Long parameter 'tree_id' is not present]
2021-02-03 16:28:24 [http-nio-2399-exec-6] ERROR com.suda.tree.exception.GlobalExceptionHandler - [/minio/upload]：Required Long parameter 'tree_id' is not present
2021-02-03 16:28:24 [http-nio-2399-exec-6] WARN  o.s.w.s.m.m.a.ExceptionHandlerExceptionResolver - Resolved [org.springframework.web.bind.MissingServletRequestParameterException: Required Long parameter 'tree_id' is not present]
2021-02-03 16:28:41 [http-nio-2399-exec-9] ERROR com.suda.tree.exception.GlobalExceptionHandler - [/minio/upload]：content type must not be null.
2021-02-03 16:28:41 [http-nio-2399-exec-9] WARN  o.s.w.s.m.m.a.ExceptionHandlerExceptionResolver - Resolved [java.lang.IllegalArgumentException: content type must not be null.]
2021-02-03 16:29:20 [http-nio-2399-exec-2] ERROR com.suda.tree.exception.GlobalExceptionHandler - [/minio/upload]：Maximum upload size exceeded; nested exception is java.lang.IllegalStateException: org.apache.tomcat.util.http.fileupload.impl.FileSizeLimitExceededException: The field file exceeds its maximum permitted size of 1048576 bytes.
2021-02-03 16:29:20 [http-nio-2399-exec-2] WARN  o.s.w.s.m.m.a.ExceptionHandlerExceptionResolver - Resolved [org.springframework.web.multipart.MaxUploadSizeExceededException: Maximum upload size exceeded; nested exception is java.lang.IllegalStateException: org.apache.tomcat.util.http.fileupload.impl.FileSizeLimitExceededException: The field file exceeds its maximum permitted size of 1048576 bytes.]
2021-02-03 16:31:21 [restartedMain] WARN  o.s.d.m.core.mapping.BasicMongoPersistentProperty - Customizing field name for id property 'com.suda.tree.entity.mongo.TreePicture.treeId' is not allowed! Custom name ('tree_id') will not be considered!
2021-02-03 16:31:22 [restartedMain] WARN  o.s.b.a.o.j.JpaBaseConfiguration$JpaWebConfiguration - spring.jpa.open-in-view is enabled by default. Therefore, database queries may be performed during view rendering. Explicitly configure spring.jpa.open-in-view to disable this warning
2021-02-03 17:36:40 [restartedMain] WARN  o.s.d.m.core.mapping.BasicMongoPersistentProperty - Customizing field name for id property 'com.suda.tree.entity.mongo.TreePicture.treeId' is not allowed! Custom name ('tree_id') will not be considered!
2021-02-03 17:36:41 [restartedMain] WARN  o.s.b.a.o.j.JpaBaseConfiguration$JpaWebConfiguration - spring.jpa.open-in-view is enabled by default. Therefore, database queries may be performed during view rendering. Explicitly configure spring.jpa.open-in-view to disable this warning
